{"/home/travis/build/npmtest/node-npmtest-cordova-app-loader/test.js":{"path":"/home/travis/build/npmtest/node-npmtest-cordova-app-loader/test.js","s":{"1":2,"2":2,"3":2,"4":2,"5":2,"6":2,"7":2,"8":1,"9":2,"10":2,"11":1,"12":1,"13":1,"14":1,"15":2,"16":2,"17":2,"18":2,"19":1,"20":1,"21":2,"22":2,"23":2,"24":1,"25":1,"26":1,"27":1,"28":1,"29":1,"30":1,"31":1,"32":1,"33":1,"34":1,"35":1,"36":1,"37":2,"38":2,"39":1,"40":2,"41":2,"42":1,"43":2,"44":2,"45":1,"46":2,"47":2,"48":1,"49":1,"50":1,"51":1,"52":1},"b":{"1":[2,1,1,1],"2":[1,1,1,1],"3":[1,1],"4":[1,1],"5":[1,1],"6":[1,1],"7":[1,1],"8":[1,1],"9":[1,1,1],"10":[1,1],"11":[1,1],"12":[1,1],"13":[1,1],"14":[1,1],"15":[1,1],"16":[1,1]},"f":{"1":2,"2":2,"3":2,"4":2,"5":2,"6":1,"7":1,"8":2,"9":2,"10":2,"11":2,"12":1},"fnMap":{"1":{"name":"(anonymous_1)","line":12,"loc":{"start":{"line":12,"column":1},"end":{"line":12,"column":13}}},"2":{"name":"(anonymous_2)","line":19,"loc":{"start":{"line":19,"column":5},"end":{"line":19,"column":17}}},"3":{"name":"(anonymous_3)","line":23,"loc":{"start":{"line":23,"column":24},"end":{"line":23,"column":36}}},"4":{"name":"(anonymous_4)","line":61,"loc":{"start":{"line":61,"column":5},"end":{"line":61,"column":17}}},"5":{"name":"(anonymous_5)","line":82,"loc":{"start":{"line":82,"column":5},"end":{"line":82,"column":17}}},"6":{"name":"(anonymous_6)","line":102,"loc":{"start":{"line":102,"column":83},"end":{"line":105,"column":10}},"skip":true},"7":{"name":"(anonymous_7)","line":113,"loc":{"start":{"line":113,"column":77},"end":{"line":116,"column":10}},"skip":true},"8":{"name":"(anonymous_8)","line":129,"loc":{"start":{"line":129,"column":12},"end":{"line":129,"column":40}},"skip":true},"9":{"name":"(anonymous_9)","line":137,"loc":{"start":{"line":137,"column":77},"end":{"line":140,"column":10}},"skip":true},"10":{"name":"(anonymous_10)","line":148,"loc":{"start":{"line":148,"column":83},"end":{"line":151,"column":10}},"skip":true},"11":{"name":"(anonymous_11)","line":159,"loc":{"start":{"line":159,"column":79},"end":{"line":162,"column":10}},"skip":true},"12":{"name":"(anonymous_12)","line":170,"loc":{"start":{"line":170,"column":75},"end":{"line":173,"column":10}},"skip":true}},"statementMap":{"1":{"start":{"line":12,"column":0},"end":{"line":185,"column":5}},"2":{"start":{"line":14,"column":4},"end":{"line":14,"column":14}},"3":{"start":{"line":19,"column":4},"end":{"line":56,"column":9}},"4":{"start":{"line":21,"column":8},"end":{"line":21,"column":19}},"5":{"start":{"line":23,"column":8},"end":{"line":35,"column":13}},"6":{"start":{"line":24,"column":12},"end":{"line":34,"column":13}},"7":{"start":{"line":25,"column":16},"end":{"line":28,"column":30}},"8":{"start":{"line":30,"column":16},"end":{"line":33,"column":27}},"9":{"start":{"line":37,"column":8},"end":{"line":39,"column":21}},"10":{"start":{"line":40,"column":8},"end":{"line":53,"column":9}},"11":{"start":{"line":43,"column":12},"end":{"line":46,"column":14}},"12":{"start":{"line":47,"column":12},"end":{"line":47,"column":18}},"13":{"start":{"line":50,"column":12},"end":{"line":51,"column":46}},"14":{"start":{"line":52,"column":12},"end":{"line":52,"column":18}},"15":{"start":{"line":55,"column":8},"end":{"line":55,"column":35}},"16":{"start":{"line":61,"column":4},"end":{"line":63,"column":9}},"17":{"start":{"line":62,"column":8},"end":{"line":62,"column":15}},"18":{"start":{"line":64,"column":4},"end":{"line":77,"column":5}},"19":{"start":{"line":70,"column":8},"end":{"line":70,"column":14}},"20":{"start":{"line":76,"column":8},"end":{"line":76,"column":14}},"21":{"start":{"line":82,"column":4},"end":{"line":84,"column":9}},"22":{"start":{"line":83,"column":8},"end":{"line":83,"column":15}},"23":{"start":{"line":85,"column":4},"end":{"line":184,"column":5}},"24":{"start":{"line":92,"column":8},"end":{"line":94,"column":63}},"25":{"start":{"line":95,"column":8},"end":{"line":95,"column":14}},"26":{"start":{"line":102,"column":8},"end":{"line":111,"column":10},"skip":true},"27":{"start":{"line":109,"column":12},"end":{"line":109,"column":55},"skip":true},"28":{"start":{"line":110,"column":12},"end":{"line":110,"column":48},"skip":true},"29":{"start":{"line":113,"column":8},"end":{"line":126,"column":10},"skip":true},"30":{"start":{"line":120,"column":12},"end":{"line":120,"column":76},"skip":true},"31":{"start":{"line":121,"column":12},"end":{"line":121,"column":73},"skip":true},"32":{"start":{"line":122,"column":12},"end":{"line":122,"column":74},"skip":true},"33":{"start":{"line":123,"column":12},"end":{"line":123,"column":79},"skip":true},"34":{"start":{"line":124,"column":12},"end":{"line":124,"column":25},"skip":true},"35":{"start":{"line":125,"column":12},"end":{"line":125,"column":45},"skip":true},"36":{"start":{"line":128,"column":8},"end":{"line":135,"column":14},"skip":true},"37":{"start":{"line":133,"column":16},"end":{"line":133,"column":29},"skip":true},"38":{"start":{"line":134,"column":16},"end":{"line":134,"column":55},"skip":true},"39":{"start":{"line":137,"column":8},"end":{"line":146,"column":10},"skip":true},"40":{"start":{"line":144,"column":12},"end":{"line":144,"column":25},"skip":true},"41":{"start":{"line":145,"column":12},"end":{"line":145,"column":45},"skip":true},"42":{"start":{"line":148,"column":8},"end":{"line":157,"column":10},"skip":true},"43":{"start":{"line":155,"column":12},"end":{"line":155,"column":25},"skip":true},"44":{"start":{"line":156,"column":12},"end":{"line":156,"column":48},"skip":true},"45":{"start":{"line":159,"column":8},"end":{"line":168,"column":10},"skip":true},"46":{"start":{"line":166,"column":12},"end":{"line":166,"column":25},"skip":true},"47":{"start":{"line":167,"column":12},"end":{"line":167,"column":46},"skip":true},"48":{"start":{"line":170,"column":8},"end":{"line":179,"column":10},"skip":true},"49":{"start":{"line":177,"column":12},"end":{"line":177,"column":94},"skip":true},"50":{"start":{"line":178,"column":12},"end":{"line":178,"column":48},"skip":true},"51":{"start":{"line":182,"column":8},"end":{"line":182,"column":35},"skip":true},"52":{"start":{"line":183,"column":8},"end":{"line":183,"column":14},"skip":true}},"branchMap":{"1":{"line":25,"type":"binary-expr","locations":[{"start":{"line":25,"column":23},"end":{"line":25,"column":62}},{"start":{"line":26,"column":20},"end":{"line":26,"column":70}},{"start":{"line":27,"column":20},"end":{"line":27,"column":71}},{"start":{"line":28,"column":20},"end":{"line":28,"column":29}}]},"2":{"line":30,"type":"binary-expr","locations":[{"start":{"line":30,"column":23},"end":{"line":30,"column":37}},{"start":{"line":31,"column":20},"end":{"line":31,"column":61}},{"start":{"line":32,"column":20},"end":{"line":32,"column":70}},{"start":{"line":33,"column":20},"end":{"line":33,"column":26}}]},"3":{"line":37,"type":"cond-expr","locations":[{"start":{"line":38,"column":14},"end":{"line":38,"column":20}},{"start":{"line":39,"column":14},"end":{"line":39,"column":20}}]},"4":{"line":40,"type":"switch","locations":[{"start":{"line":42,"column":8},"end":{"line":47,"column":18}},{"start":{"line":49,"column":8},"end":{"line":52,"column":18}}]},"5":{"line":44,"type":"binary-expr","locations":[{"start":{"line":44,"column":16},"end":{"line":44,"column":44}},{"start":{"line":44,"column":48},"end":{"line":44,"column":66}}]},"6":{"line":50,"type":"binary-expr","locations":[{"start":{"line":50,"column":21},"end":{"line":50,"column":49}},{"start":{"line":50,"column":53},"end":{"line":50,"column":72}}]},"7":{"line":64,"type":"switch","locations":[{"start":{"line":69,"column":4},"end":{"line":70,"column":14}},{"start":{"line":75,"column":4},"end":{"line":76,"column":14}}]},"8":{"line":85,"type":"switch","locations":[{"start":{"line":90,"column":4},"end":{"line":95,"column":14}},{"start":{"line":101,"column":4},"end":{"line":183,"column":14},"skip":true}]},"9":{"line":92,"type":"binary-expr","locations":[{"start":{"line":92,"column":18},"end":{"line":92,"column":32}},{"start":{"line":93,"column":12},"end":{"line":93,"column":53}},{"start":{"line":94,"column":12},"end":{"line":94,"column":61}}]},"10":{"line":102,"type":"binary-expr","locations":[{"start":{"line":102,"column":45},"end":{"line":102,"column":79},"skip":true},{"start":{"line":102,"column":83},"end":{"line":111,"column":9},"skip":true}]},"11":{"line":113,"type":"binary-expr","locations":[{"start":{"line":113,"column":42},"end":{"line":113,"column":73},"skip":true},{"start":{"line":113,"column":77},"end":{"line":126,"column":9},"skip":true}]},"12":{"line":128,"type":"binary-expr","locations":[{"start":{"line":128,"column":48},"end":{"line":128,"column":85},"skip":true},{"start":{"line":129,"column":12},"end":{"line":135,"column":13},"skip":true}]},"13":{"line":137,"type":"binary-expr","locations":[{"start":{"line":137,"column":42},"end":{"line":137,"column":73},"skip":true},{"start":{"line":137,"column":77},"end":{"line":146,"column":9},"skip":true}]},"14":{"line":148,"type":"binary-expr","locations":[{"start":{"line":148,"column":45},"end":{"line":148,"column":79},"skip":true},{"start":{"line":148,"column":83},"end":{"line":157,"column":9},"skip":true}]},"15":{"line":159,"type":"binary-expr","locations":[{"start":{"line":159,"column":43},"end":{"line":159,"column":75},"skip":true},{"start":{"line":159,"column":79},"end":{"line":168,"column":9},"skip":true}]},"16":{"line":170,"type":"binary-expr","locations":[{"start":{"line":170,"column":41},"end":{"line":170,"column":71},"skip":true},{"start":{"line":170,"column":75},"end":{"line":179,"column":9},"skip":true}]}},"code":["/* istanbul instrument in package npmtest_cordova_app_loader */","/*jslint","    bitwise: true,","    browser: true,","    maxerr: 8,","    maxlen: 96,","    node: true,","    nomen: true,","    regexp: true,","    stupid: true","*/","(function () {","    'use strict';","    var local;","","","","    // run shared js-env code - pre-init","    (function () {","        // init local","        local = {};","        // init modeJs","        local.modeJs = (function () {","            try {","                return typeof navigator.userAgent === 'string' &&","                    typeof document.querySelector('body') === 'object' &&","                    typeof XMLHttpRequest.prototype.open === 'function' &&","                    'browser';","            } catch (errorCaughtBrowser) {","                return module.exports &&","                    typeof process.versions.node === 'string' &&","                    typeof require('http').createServer === 'function' &&","                    'node';","            }","        }());","        // init global","        local.global = local.modeJs === 'browser'","            ? window","            : global;","        switch (local.modeJs) {","        // re-init local from window.local","        case 'browser':","            local = local.global.utility2.objectSetDefault(","                local.global.utility2_rollup || local.global.local,","                local.global.utility2","            );","            break;","        // re-init local from example.js","        case 'node':","            local = (local.global.utility2_rollup || require('utility2'))","                .requireExampleJsFromReadme();","            break;","        }","        // export local","        local.global.local = local;","    }());","","","","    // run shared js-env code - function","    (function () {","        return;","    }());","    switch (local.modeJs) {","","","","    // run browser js-env code - function","    case 'browser':","        break;","","","","    // run node js-env code - function","    case 'node':","        break;","    }","","","","    // run shared js-env code - post-init","    (function () {","        return;","    }());","    switch (local.modeJs) {","","","","    // run browser js-env code - post-init","    case 'browser':","        // run tests","        local.nop(local.modeTest &&","            document.querySelector('#testRunButton1') &&","            document.querySelector('#testRunButton1').click());","        break;","","","","    // run node js-env code - post-init","    /* istanbul ignore next */","    case 'node':","        local.testCase_buildApidoc_default = local.testCase_buildApidoc_default || function (","            options,","            onError","        ) {","        /*","         * this function will test buildApidoc's default handling-behavior-behavior","         */","            options = { modulePathList: module.paths };","            local.buildApidoc(options, onError);","        };","","        local.testCase_buildApp_default = local.testCase_buildApp_default || function (","            options,","            onError","        ) {","        /*","         * this function will test buildApp's default handling-behavior-behavior","         */","            local.testCase_buildReadme_default(options, local.onErrorThrow);","            local.testCase_buildLib_default(options, local.onErrorThrow);","            local.testCase_buildTest_default(options, local.onErrorThrow);","            local.testCase_buildCustomOrg_default(options, local.onErrorThrow);","            options = [];","            local.buildApp(options, onError);","        };","","        local.testCase_buildCustomOrg_default = local.testCase_buildCustomOrg_default ||","            function (options, onError) {","            /*","             * this function will test buildCustomOrg's default handling-behavior","             */","                options = {};","                local.buildCustomOrg(options, onError);","            };","","        local.testCase_buildLib_default = local.testCase_buildLib_default || function (","            options,","            onError","        ) {","        /*","         * this function will test buildLib's default handling-behavior","         */","            options = {};","            local.buildLib(options, onError);","        };","","        local.testCase_buildReadme_default = local.testCase_buildReadme_default || function (","            options,","            onError","        ) {","        /*","         * this function will test buildReadme's default handling-behavior-behavior","         */","            options = {};","            local.buildReadme(options, onError);","        };","","        local.testCase_buildTest_default = local.testCase_buildTest_default || function (","            options,","            onError","        ) {","        /*","         * this function will test buildTest's default handling-behavior","         */","            options = {};","            local.buildTest(options, onError);","        };","","        local.testCase_webpage_default = local.testCase_webpage_default || function (","            options,","            onError","        ) {","        /*","         * this function will test webpage's default handling-behavior","         */","            options = { modeCoverageMerge: true, url: local.serverLocalHost + '?modeTest=1' };","            local.browserTest(options, onError);","        };","","        // run test-server","        local.testRunServer(local);","        break;","    }","}());",""],"l":{"12":2,"14":2,"19":2,"21":2,"23":2,"24":2,"25":2,"30":1,"37":2,"40":2,"43":1,"47":1,"50":1,"52":1,"55":2,"61":2,"62":2,"64":2,"70":1,"76":1,"82":2,"83":2,"85":2,"92":1,"95":1,"102":1,"109":1,"110":1,"113":1,"120":1,"121":1,"122":1,"123":1,"124":1,"125":1,"128":1,"133":2,"134":2,"137":1,"144":2,"145":2,"148":1,"155":2,"156":2,"159":1,"166":2,"167":2,"170":1,"177":1,"178":1,"182":1,"183":1}},"/home/travis/build/npmtest/node-npmtest-cordova-app-loader/lib.npmtest_cordova_app_loader.js":{"path":"/home/travis/build/npmtest/node-npmtest-cordova-app-loader/lib.npmtest_cordova_app_loader.js","s":{"1":2,"2":2,"3":2,"4":2,"5":2,"6":2,"7":2,"8":1,"9":2,"10":2,"11":2,"12":2,"13":1,"14":1,"15":1,"16":1},"b":{"1":[2,1,1,1],"2":[1,1,1,1],"3":[1,1],"4":[2,2],"5":[1,1]},"f":{"1":2,"2":2,"3":2},"fnMap":{"1":{"name":"(anonymous_1)","line":12,"loc":{"start":{"line":12,"column":1},"end":{"line":12,"column":13}}},"2":{"name":"(anonymous_2)","line":19,"loc":{"start":{"line":19,"column":5},"end":{"line":19,"column":17}}},"3":{"name":"(anonymous_3)","line":23,"loc":{"start":{"line":23,"column":24},"end":{"line":23,"column":36}}}},"statementMap":{"1":{"start":{"line":12,"column":0},"end":{"line":53,"column":5}},"2":{"start":{"line":14,"column":4},"end":{"line":14,"column":14}},"3":{"start":{"line":19,"column":4},"end":{"line":52,"column":9}},"4":{"start":{"line":21,"column":8},"end":{"line":21,"column":19}},"5":{"start":{"line":23,"column":8},"end":{"line":35,"column":13}},"6":{"start":{"line":24,"column":12},"end":{"line":34,"column":13}},"7":{"start":{"line":25,"column":16},"end":{"line":28,"column":30}},"8":{"start":{"line":30,"column":16},"end":{"line":33,"column":27}},"9":{"start":{"line":37,"column":8},"end":{"line":39,"column":21}},"10":{"start":{"line":41,"column":8},"end":{"line":41,"column":54}},"11":{"start":{"line":43,"column":8},"end":{"line":43,"column":63}},"12":{"start":{"line":45,"column":8},"end":{"line":51,"column":9}},"13":{"start":{"line":46,"column":12},"end":{"line":46,"column":69}},"14":{"start":{"line":48,"column":12},"end":{"line":48,"column":35}},"15":{"start":{"line":49,"column":12},"end":{"line":49,"column":49}},"16":{"start":{"line":50,"column":12},"end":{"line":50,"column":43}}},"branchMap":{"1":{"line":25,"type":"binary-expr","locations":[{"start":{"line":25,"column":23},"end":{"line":25,"column":62}},{"start":{"line":26,"column":20},"end":{"line":26,"column":70}},{"start":{"line":27,"column":20},"end":{"line":27,"column":71}},{"start":{"line":28,"column":20},"end":{"line":28,"column":29}}]},"2":{"line":30,"type":"binary-expr","locations":[{"start":{"line":30,"column":23},"end":{"line":30,"column":37}},{"start":{"line":31,"column":20},"end":{"line":31,"column":61}},{"start":{"line":32,"column":20},"end":{"line":32,"column":70}},{"start":{"line":33,"column":20},"end":{"line":33,"column":26}}]},"3":{"line":37,"type":"cond-expr","locations":[{"start":{"line":38,"column":14},"end":{"line":38,"column":20}},{"start":{"line":39,"column":14},"end":{"line":39,"column":20}}]},"4":{"line":41,"type":"binary-expr","locations":[{"start":{"line":41,"column":16},"end":{"line":41,"column":44}},{"start":{"line":41,"column":48},"end":{"line":41,"column":53}}]},"5":{"line":45,"type":"if","locations":[{"start":{"line":45,"column":8},"end":{"line":45,"column":8}},{"start":{"line":45,"column":8},"end":{"line":45,"column":8}}]}},"code":["/* istanbul instrument in package npmtest_cordova_app_loader */","/*jslint","    bitwise: true,","    browser: true,","    maxerr: 8,","    maxlen: 96,","    node: true,","    nomen: true,","    regexp: true,","    stupid: true","*/","(function () {","    'use strict';","    var local;","","","","    // run shared js-env code - pre-init","    (function () {","        // init local","        local = {};","        // init modeJs","        local.modeJs = (function () {","            try {","                return typeof navigator.userAgent === 'string' &&","                    typeof document.querySelector('body') === 'object' &&","                    typeof XMLHttpRequest.prototype.open === 'function' &&","                    'browser';","            } catch (errorCaughtBrowser) {","                return module.exports &&","                    typeof process.versions.node === 'string' &&","                    typeof require('http').createServer === 'function' &&","                    'node';","            }","        }());","        // init global","        local.global = local.modeJs === 'browser'","            ? window","            : global;","        // init utility2_rollup","        local = local.global.utility2_rollup || local;","        // init lib","        local.local = local.npmtest_cordova_app_loader = local;","        // init exports","        if (local.modeJs === 'browser') {","            local.global.utility2_npmtest_cordova_app_loader = local;","        } else {","            module.exports = local;","            module.exports.__dirname = __dirname;","            module.exports.module = module;","        }","    }());","}());",""],"l":{"12":2,"14":2,"19":2,"21":2,"23":2,"24":2,"25":2,"30":1,"37":2,"41":2,"43":2,"45":2,"46":1,"48":1,"49":1,"50":1}},"/home/travis/build/npmtest/node-npmtest-cordova-app-loader/example.js":{"path":"/home/travis/build/npmtest/node-npmtest-cordova-app-loader/example.js","s":{"1":2,"2":2,"3":2,"4":2,"5":2,"6":2,"7":2,"8":1,"9":2,"10":2,"11":2,"12":2,"13":1,"14":2,"15":2,"16":2,"17":2,"18":2,"19":0,"20":2,"21":1,"22":1,"23":1,"24":1,"25":1,"26":0,"27":0,"28":1,"29":1,"30":2,"31":0,"32":0,"33":0,"34":1,"35":2,"36":2,"37":2,"38":2,"39":2,"40":2,"41":0,"42":2,"43":2,"44":2,"45":1,"46":3,"47":1,"48":1,"49":1,"50":1,"51":1,"52":1,"53":1,"54":1,"55":1,"56":1,"57":0,"58":1,"59":6,"60":6,"61":1,"62":2,"63":0,"64":2,"65":1,"66":1,"67":0,"68":0,"69":0,"70":0,"71":0,"72":0,"73":0,"74":0,"75":0,"76":0,"77":0,"78":0,"79":0,"80":0,"81":0,"82":0,"83":0},"b":{"1":[2,1,1,1],"2":[1,1,1,1],"3":[1,1],"4":[2,2],"5":[1,1],"6":[1,1],"7":[2,0],"8":[2,1,1,1,1,1],"9":[0,2,0],"10":[1,1],"11":[2,1,1],"12":[1,0],"13":[0,2],"14":[2,0,0,0,0,0,0],"15":[0,2],"16":[2,0],"17":[1,1],"18":[0,1],"19":[1,2,0,2],"20":[1,0],"21":[1,1],"22":[0,0],"23":[0,0],"24":[0,0],"25":[0,0],"26":[0,0],"27":[0,0],"28":[0,0]},"f":{"1":2,"2":2,"3":2,"4":2,"5":2,"6":2,"7":2,"8":2,"9":3,"10":1,"11":6,"12":0},"fnMap":{"1":{"name":"(anonymous_1)","line":26,"loc":{"start":{"line":26,"column":1},"end":{"line":26,"column":13}}},"2":{"name":"(anonymous_2)","line":33,"loc":{"start":{"line":33,"column":5},"end":{"line":33,"column":17}}},"3":{"name":"(anonymous_3)","line":37,"loc":{"start":{"line":37,"column":24},"end":{"line":37,"column":36}}},"4":{"name":"(anonymous_4)","line":69,"loc":{"start":{"line":69,"column":31},"end":{"line":69,"column":48}},"skip":true},"5":{"name":"(anonymous_5)","line":78,"loc":{"start":{"line":78,"column":26},"end":{"line":78,"column":45}},"skip":true},"6":{"name":"(anonymous_6)","line":123,"loc":{"start":{"line":123,"column":33},"end":{"line":123,"column":48}},"skip":true},"7":{"name":"(anonymous_7)","line":125,"loc":{"start":{"line":125,"column":27},"end":{"line":125,"column":39}},"skip":true},"8":{"name":"(anonymous_8)","line":133,"loc":{"start":{"line":133,"column":59},"end":{"line":133,"column":74}},"skip":true},"9":{"name":"(anonymous_9)","line":143,"loc":{"start":{"line":143,"column":45},"end":{"line":143,"column":62}},"skip":true},"10":{"name":"(anonymous_10)","line":144,"loc":{"start":{"line":144,"column":73},"end":{"line":144,"column":92}},"skip":true},"11":{"name":"(anonymous_11)","line":272,"loc":{"start":{"line":272,"column":51},"end":{"line":272,"column":77}},"skip":true},"12":{"name":"(anonymous_12)","line":314,"loc":{"start":{"line":314,"column":32},"end":{"line":314,"column":61}},"skip":true}},"statementMap":{"1":{"start":{"line":26,"column":0},"end":{"line":325,"column":5}},"2":{"start":{"line":28,"column":4},"end":{"line":28,"column":14}},"3":{"start":{"line":33,"column":4},"end":{"line":60,"column":9}},"4":{"start":{"line":35,"column":8},"end":{"line":35,"column":19}},"5":{"start":{"line":37,"column":8},"end":{"line":49,"column":13}},"6":{"start":{"line":38,"column":12},"end":{"line":48,"column":13}},"7":{"start":{"line":39,"column":16},"end":{"line":42,"column":30}},"8":{"start":{"line":44,"column":16},"end":{"line":47,"column":27}},"9":{"start":{"line":51,"column":8},"end":{"line":53,"column":21}},"10":{"start":{"line":55,"column":8},"end":{"line":57,"column":45}},"11":{"start":{"line":59,"column":8},"end":{"line":59,"column":35}},"12":{"start":{"line":61,"column":4},"end":{"line":324,"column":5}},"13":{"start":{"line":69,"column":8},"end":{"line":121,"column":10},"skip":true},"14":{"start":{"line":70,"column":12},"end":{"line":88,"column":13},"skip":true},"15":{"start":{"line":76,"column":16},"end":{"line":87,"column":19},"skip":true},"16":{"start":{"line":79,"column":20},"end":{"line":86,"column":21},"skip":true},"17":{"start":{"line":82,"column":24},"end":{"line":82,"column":43},"skip":true},"18":{"start":{"line":83,"column":24},"end":{"line":83,"column":30},"skip":true},"19":{"start":{"line":85,"column":24},"end":{"line":85,"column":49},"skip":true},"20":{"start":{"line":89,"column":12},"end":{"line":107,"column":13},"skip":true},"21":{"start":{"line":92,"column":16},"end":{"line":102,"column":17},"skip":true},"22":{"start":{"line":93,"column":20},"end":{"line":93,"column":86},"skip":true},"23":{"start":{"line":94,"column":20},"end":{"line":95,"column":45},"skip":true},"24":{"start":{"line":96,"column":20},"end":{"line":96,"column":42},"skip":true},"25":{"start":{"line":97,"column":20},"end":{"line":97,"column":48},"skip":true},"26":{"start":{"line":100,"column":20},"end":{"line":100,"column":85},"skip":true},"27":{"start":{"line":101,"column":20},"end":{"line":101,"column":96},"skip":true},"28":{"start":{"line":103,"column":16},"end":{"line":103,"column":22},"skip":true},"29":{"start":{"line":106,"column":16},"end":{"line":106,"column":22},"skip":true},"30":{"start":{"line":108,"column":12},"end":{"line":120,"column":13},"skip":true},"31":{"start":{"line":114,"column":16},"end":{"line":119,"column":17},"skip":true},"32":{"start":{"line":116,"column":20},"end":{"line":116,"column":78},"skip":true},"33":{"start":{"line":118,"column":20},"end":{"line":118,"column":47},"skip":true},"34":{"start":{"line":123,"column":8},"end":{"line":141,"column":11},"skip":true},"35":{"start":{"line":124,"column":12},"end":{"line":124,"column":54},"skip":true},"36":{"start":{"line":125,"column":12},"end":{"line":140,"column":14},"skip":true},"37":{"start":{"line":126,"column":16},"end":{"line":126,"column":28},"skip":true},"38":{"start":{"line":127,"column":16},"end":{"line":127,"column":69},"skip":true},"39":{"start":{"line":128,"column":16},"end":{"line":128,"column":75},"skip":true},"40":{"start":{"line":129,"column":16},"end":{"line":131,"column":17},"skip":true},"41":{"start":{"line":130,"column":20},"end":{"line":130,"column":27},"skip":true},"42":{"start":{"line":133,"column":16},"end":{"line":137,"column":36},"skip":true},"43":{"start":{"line":134,"column":20},"end":{"line":136,"column":55},"skip":true},"44":{"start":{"line":139,"column":16},"end":{"line":139,"column":57},"skip":true},"45":{"start":{"line":143,"column":8},"end":{"line":147,"column":11},"skip":true},"46":{"start":{"line":144,"column":12},"end":{"line":146,"column":15},"skip":true},"47":{"start":{"line":145,"column":16},"end":{"line":145,"column":70},"skip":true},"48":{"start":{"line":149,"column":8},"end":{"line":149,"column":31},"skip":true},"49":{"start":{"line":150,"column":8},"end":{"line":150,"column":14},"skip":true},"50":{"start":{"line":158,"column":8},"end":{"line":158,"column":31},"skip":true},"51":{"start":{"line":160,"column":8},"end":{"line":160,"column":33},"skip":true},"52":{"start":{"line":161,"column":8},"end":{"line":161,"column":37},"skip":true},"53":{"start":{"line":162,"column":8},"end":{"line":162,"column":35},"skip":true},"54":{"start":{"line":164,"column":8},"end":{"line":164,"column":50},"skip":true},"55":{"start":{"line":166,"column":8},"end":{"line":256,"column":2},"skip":true},"56":{"start":{"line":258,"column":8},"end":{"line":286,"column":9},"skip":true},"57":{"start":{"line":259,"column":12},"end":{"line":269,"column":14},"skip":true},"58":{"start":{"line":271,"column":12},"end":{"line":285,"column":19},"skip":true},"59":{"start":{"line":274,"column":20},"end":{"line":274,"column":35},"skip":true},"60":{"start":{"line":275,"column":20},"end":{"line":284,"column":21},"skip":true},"61":{"start":{"line":277,"column":24},"end":{"line":277,"column":64},"skip":true},"62":{"start":{"line":279,"column":24},"end":{"line":279,"column":40},"skip":true},"63":{"start":{"line":281,"column":24},"end":{"line":281,"column":40},"skip":true},"64":{"start":{"line":283,"column":24},"end":{"line":283,"column":39},"skip":true},"65":{"start":{"line":288,"column":8},"end":{"line":290,"column":9},"skip":true},"66":{"start":{"line":289,"column":12},"end":{"line":289,"column":18},"skip":true},"67":{"start":{"line":291,"column":8},"end":{"line":293,"column":54},"skip":true},"68":{"start":{"line":294,"column":8},"end":{"line":301,"column":37},"skip":true},"69":{"start":{"line":302,"column":8},"end":{"line":302,"column":82},"skip":true},"70":{"start":{"line":305,"column":8},"end":{"line":307,"column":9},"skip":true},"71":{"start":{"line":306,"column":12},"end":{"line":306,"column":82},"skip":true},"72":{"start":{"line":309,"column":8},"end":{"line":311,"column":9},"skip":true},"73":{"start":{"line":310,"column":12},"end":{"line":310,"column":18},"skip":true},"74":{"start":{"line":312,"column":8},"end":{"line":312,"column":54},"skip":true},"75":{"start":{"line":313,"column":8},"end":{"line":313,"column":69},"skip":true},"76":{"start":{"line":314,"column":8},"end":{"line":322,"column":36},"skip":true},"77":{"start":{"line":315,"column":12},"end":{"line":315,"column":61},"skip":true},"78":{"start":{"line":316,"column":12},"end":{"line":319,"column":13},"skip":true},"79":{"start":{"line":317,"column":16},"end":{"line":317,"column":75},"skip":true},"80":{"start":{"line":318,"column":16},"end":{"line":318,"column":23},"skip":true},"81":{"start":{"line":320,"column":12},"end":{"line":320,"column":38},"skip":true},"82":{"start":{"line":321,"column":12},"end":{"line":321,"column":27},"skip":true},"83":{"start":{"line":323,"column":8},"end":{"line":323,"column":14},"skip":true}},"branchMap":{"1":{"line":39,"type":"binary-expr","locations":[{"start":{"line":39,"column":23},"end":{"line":39,"column":62}},{"start":{"line":40,"column":20},"end":{"line":40,"column":70}},{"start":{"line":41,"column":20},"end":{"line":41,"column":71}},{"start":{"line":42,"column":20},"end":{"line":42,"column":29}}]},"2":{"line":44,"type":"binary-expr","locations":[{"start":{"line":44,"column":23},"end":{"line":44,"column":37}},{"start":{"line":45,"column":20},"end":{"line":45,"column":61}},{"start":{"line":46,"column":20},"end":{"line":46,"column":70}},{"start":{"line":47,"column":20},"end":{"line":47,"column":26}}]},"3":{"line":51,"type":"cond-expr","locations":[{"start":{"line":52,"column":14},"end":{"line":52,"column":20}},{"start":{"line":53,"column":14},"end":{"line":53,"column":20}}]},"4":{"line":55,"type":"binary-expr","locations":[{"start":{"line":55,"column":16},"end":{"line":55,"column":44}},{"start":{"line":55,"column":49},"end":{"line":57,"column":43}}]},"5":{"line":55,"type":"cond-expr","locations":[{"start":{"line":56,"column":14},"end":{"line":56,"column":62}},{"start":{"line":57,"column":14},"end":{"line":57,"column":43}}]},"6":{"line":61,"type":"switch","locations":[{"start":{"line":68,"column":4},"end":{"line":150,"column":14},"skip":true},{"start":{"line":156,"column":4},"end":{"line":323,"column":14},"skip":true}]},"7":{"line":70,"type":"if","locations":[{"start":{"line":70,"column":12},"end":{"line":70,"column":12},"skip":true},{"start":{"line":70,"column":12},"end":{"line":70,"column":12},"skip":true}]},"8":{"line":70,"type":"binary-expr","locations":[{"start":{"line":70,"column":16},"end":{"line":70,"column":22},"skip":true},{"start":{"line":70,"column":27},"end":{"line":70,"column":32},"skip":true},{"start":{"line":71,"column":20},"end":{"line":71,"column":39},"skip":true},{"start":{"line":72,"column":20},"end":{"line":72,"column":49},"skip":true},{"start":{"line":73,"column":20},"end":{"line":73,"column":58},"skip":true},{"start":{"line":74,"column":20},"end":{"line":74,"column":69},"skip":true}]},"9":{"line":79,"type":"switch","locations":[{"start":{"line":80,"column":20},"end":{"line":80,"column":33},"skip":true},{"start":{"line":81,"column":20},"end":{"line":83,"column":30},"skip":true},{"start":{"line":84,"column":20},"end":{"line":85,"column":49},"skip":true}]},"10":{"line":89,"type":"switch","locations":[{"start":{"line":90,"column":12},"end":{"line":103,"column":22},"skip":true},{"start":{"line":105,"column":12},"end":{"line":106,"column":22},"skip":true}]},"11":{"line":89,"type":"binary-expr","locations":[{"start":{"line":89,"column":20},"end":{"line":89,"column":25},"skip":true},{"start":{"line":89,"column":29},"end":{"line":89,"column":48},"skip":true},{"start":{"line":89,"column":52},"end":{"line":89,"column":74},"skip":true}]},"12":{"line":92,"type":"if","locations":[{"start":{"line":92,"column":16},"end":{"line":92,"column":16},"skip":true},{"start":{"line":92,"column":16},"end":{"line":92,"column":16},"skip":true}]},"13":{"line":108,"type":"if","locations":[{"start":{"line":108,"column":12},"end":{"line":108,"column":12},"skip":true},{"start":{"line":108,"column":12},"end":{"line":108,"column":12},"skip":true}]},"14":{"line":108,"type":"binary-expr","locations":[{"start":{"line":108,"column":16},"end":{"line":108,"column":61},"skip":true},{"start":{"line":108,"column":66},"end":{"line":108,"column":72},"skip":true},{"start":{"line":108,"column":77},"end":{"line":108,"column":82},"skip":true},{"start":{"line":109,"column":20},"end":{"line":109,"column":39},"skip":true},{"start":{"line":110,"column":20},"end":{"line":110,"column":49},"skip":true},{"start":{"line":111,"column":20},"end":{"line":111,"column":58},"skip":true},{"start":{"line":112,"column":20},"end":{"line":112,"column":68},"skip":true}]},"15":{"line":129,"type":"if","locations":[{"start":{"line":129,"column":16},"end":{"line":129,"column":16},"skip":true},{"start":{"line":129,"column":16},"end":{"line":129,"column":16},"skip":true}]},"16":{"line":134,"type":"cond-expr","locations":[{"start":{"line":135,"column":26},"end":{"line":135,"column":29},"skip":true},{"start":{"line":136,"column":26},"end":{"line":136,"column":54},"skip":true}]},"17":{"line":164,"type":"binary-expr","locations":[{"start":{"line":164,"column":27},"end":{"line":164,"column":43},"skip":true},{"start":{"line":164,"column":47},"end":{"line":164,"column":49},"skip":true}]},"18":{"line":258,"type":"if","locations":[{"start":{"line":258,"column":8},"end":{"line":258,"column":8},"skip":true},{"start":{"line":258,"column":8},"end":{"line":258,"column":8},"skip":true}]},"19":{"line":275,"type":"switch","locations":[{"start":{"line":276,"column":20},"end":{"line":277,"column":64},"skip":true},{"start":{"line":278,"column":20},"end":{"line":279,"column":40},"skip":true},{"start":{"line":280,"column":20},"end":{"line":281,"column":40},"skip":true},{"start":{"line":282,"column":20},"end":{"line":283,"column":39},"skip":true}]},"20":{"line":288,"type":"if","locations":[{"start":{"line":288,"column":8},"end":{"line":288,"column":8},"skip":true},{"start":{"line":288,"column":8},"end":{"line":288,"column":8},"skip":true}]},"21":{"line":288,"type":"binary-expr","locations":[{"start":{"line":288,"column":12},"end":{"line":288,"column":40},"skip":true},{"start":{"line":288,"column":44},"end":{"line":288,"column":67},"skip":true}]},"22":{"line":292,"type":"binary-expr","locations":[{"start":{"line":292,"column":12},"end":{"line":292,"column":50},"skip":true},{"start":{"line":293,"column":12},"end":{"line":293,"column":53},"skip":true}]},"23":{"line":295,"type":"binary-expr","locations":[{"start":{"line":295,"column":12},"end":{"line":295,"column":76},"skip":true},{"start":{"line":296,"column":12},"end":{"line":301,"column":36},"skip":true}]},"24":{"line":302,"type":"binary-expr","locations":[{"start":{"line":302,"column":43},"end":{"line":302,"column":75},"skip":true},{"start":{"line":302,"column":79},"end":{"line":302,"column":81},"skip":true}]},"25":{"line":305,"type":"if","locations":[{"start":{"line":305,"column":8},"end":{"line":305,"column":8},"skip":true},{"start":{"line":305,"column":8},"end":{"line":305,"column":8},"skip":true}]},"26":{"line":309,"type":"if","locations":[{"start":{"line":309,"column":8},"end":{"line":309,"column":8},"skip":true},{"start":{"line":309,"column":8},"end":{"line":309,"column":8},"skip":true}]},"27":{"line":312,"type":"binary-expr","locations":[{"start":{"line":312,"column":27},"end":{"line":312,"column":43},"skip":true},{"start":{"line":312,"column":47},"end":{"line":312,"column":53},"skip":true}]},"28":{"line":316,"type":"if","locations":[{"start":{"line":316,"column":12},"end":{"line":316,"column":12},"skip":true},{"start":{"line":316,"column":12},"end":{"line":316,"column":12},"skip":true}]}},"code":["/*","example.js","","quickstart example","","instruction","    1. save this script as example.js","    2. run the shell command:","        $ npm install npmtest-cordova-app-loader && PORT=8081 node example.js","    3. play with the browser-demo on http://127.0.0.1:8081","*/","","","","/* istanbul instrument in package npmtest_cordova_app_loader */","/*jslint","    bitwise: true,","    browser: true,","    maxerr: 8,","    maxlen: 96,","    node: true,","    nomen: true,","    regexp: true,","    stupid: true","*/","(function () {","    'use strict';","    var local;","","","","    // run shared js-env code - pre-init","    (function () {","        // init local","        local = {};","        // init modeJs","        local.modeJs = (function () {","            try {","                return typeof navigator.userAgent === 'string' &&","                    typeof document.querySelector('body') === 'object' &&","                    typeof XMLHttpRequest.prototype.open === 'function' &&","                    'browser';","            } catch (errorCaughtBrowser) {","                return module.exports &&","                    typeof process.versions.node === 'string' &&","                    typeof require('http').createServer === 'function' &&","                    'node';","            }","        }());","        // init global","        local.global = local.modeJs === 'browser'","            ? window","            : global;","        // init utility2_rollup","        local = local.global.utility2_rollup || (local.modeJs === 'browser'","            ? local.global.utility2_npmtest_cordova_app_loader","            : global.utility2_moduleExports);","        // export local","        local.global.local = local;","    }());","    switch (local.modeJs) {","","","","    // post-init","    // run browser js-env code - post-init","    /* istanbul ignore next */","    case 'browser':","        local.testRunBrowser = function (event) {","            if (!event || (event &&","                    event.currentTarget &&","                    event.currentTarget.className &&","                    event.currentTarget.className.includes &&","                    event.currentTarget.className.includes('onreset'))) {","                // reset output","                Array.from(","                    document.querySelectorAll('body > .resettable')","                ).forEach(function (element) {","                    switch (element.tagName) {","                    case 'INPUT':","                    case 'TEXTAREA':","                        element.value = '';","                        break;","                    default:","                        element.textContent = '';","                    }","                });","            }","            switch (event && event.currentTarget && event.currentTarget.id) {","            case 'testRunButton1':","                // show tests","                if (document.querySelector('#testReportDiv1').style.display === 'none') {","                    document.querySelector('#testReportDiv1').style.display = 'block';","                    document.querySelector('#testRunButton1').textContent =","                        'hide internal test';","                    local.modeTest = true;","                    local.testRunDefault(local);","                // hide tests","                } else {","                    document.querySelector('#testReportDiv1').style.display = 'none';","                    document.querySelector('#testRunButton1').textContent = 'run internal test';","                }","                break;","            // custom-case","            default:","                break;","            }","            if (document.querySelector('#inputTextareaEval1') && (!event || (event &&","                    event.currentTarget &&","                    event.currentTarget.className &&","                    event.currentTarget.className.includes &&","                    event.currentTarget.className.includes('oneval')))) {","                // try to eval input-code","                try {","                    /*jslint evil: true*/","                    eval(document.querySelector('#inputTextareaEval1').value);","                } catch (errorCaught) {","                    console.error(errorCaught);","                }","            }","        };","        // log stderr and stdout to #outputTextareaStdout1","        ['error', 'log'].forEach(function (key) {","            console[key + '_original'] = console[key];","            console[key] = function () {","                var element;","                console[key + '_original'].apply(console, arguments);","                element = document.querySelector('#outputTextareaStdout1');","                if (!element) {","                    return;","                }","                // append text to #outputTextareaStdout1","                element.value += Array.from(arguments).map(function (arg) {","                    return typeof arg === 'string'","                        ? arg","                        : JSON.stringify(arg, null, 4);","                }).join(' ') + '\\n';","                // scroll textarea to bottom","                element.scrollTop = element.scrollHeight;","            };","        });","        // init event-handling","        ['change', 'click', 'keyup'].forEach(function (event) {","            Array.from(document.querySelectorAll('.on' + event)).forEach(function (element) {","                element.addEventListener(event, local.testRunBrowser);","            });","        });","        // run tests","        local.testRunBrowser();","        break;","","","","    // run node js-env code - post-init","    /* istanbul ignore next */","    case 'node':","        // export local","        module.exports = local;","        // require modules","        local.fs = require('fs');","        local.http = require('http');","        local.url = require('url');","        // init assets","        local.assetsDict = local.assetsDict || {};","        /* jslint-ignore-begin */","        local.assetsDict['/assets.index.template.html'] = '\\","<!doctype html>\\n\\","<html lang=\"en\">\\n\\","<head>\\n\\","<meta charset=\"UTF-8\">\\n\\","<meta name=\"viewport\" content=\"width=device-width, initial-scale=1\">\\n\\","<title>{{env.npm_package_name}} (v{{env.npm_package_version}})</title>\\n\\","<style>\\n\\","/*csslint\\n\\","    box-sizing: false,\\n\\","    universal-selector: false\\n\\","*/\\n\\","* {\\n\\","    box-sizing: border-box;\\n\\","}\\n\\","body {\\n\\","    background: #dde;\\n\\","    font-family: Arial, Helvetica, sans-serif;\\n\\","    margin: 2rem;\\n\\","}\\n\\","body > * {\\n\\","    margin-bottom: 1rem;\\n\\","}\\n\\",".utility2FooterDiv {\\n\\","    margin-top: 20px;\\n\\","    text-align: center;\\n\\","}\\n\\","</style>\\n\\","<style>\\n\\","/*csslint\\n\\","*/\\n\\","textarea {\\n\\","    font-family: monospace;\\n\\","    height: 10rem;\\n\\","    width: 100%;\\n\\","}\\n\\","textarea[readonly] {\\n\\","    background: #ddd;\\n\\","}\\n\\","</style>\\n\\","</head>\\n\\","<body>\\n\\","<!-- utility2-comment\\n\\","<div id=\"ajaxProgressDiv1\" style=\"background: #d00; height: 2px; left: 0; margin: 0; padding: 0; position: fixed; top: 0; transition: background 0.5s, width 1.5s; width: 25%;\"></div>\\n\\","utility2-comment -->\\n\\","<h1>\\n\\","<!-- utility2-comment\\n\\","    <a\\n\\","        {{#if env.npm_package_homepage}}\\n\\","        href=\"{{env.npm_package_homepage}}\"\\n\\","        {{/if env.npm_package_homepage}}\\n\\","        target=\"_blank\"\\n\\","    >\\n\\","utility2-comment -->\\n\\","        {{env.npm_package_name}} (v{{env.npm_package_version}})\\n\\","<!-- utility2-comment\\n\\","    </a>\\n\\","utility2-comment -->\\n\\","</h1>\\n\\","<h3>{{env.npm_package_description}}</h3>\\n\\","<!-- utility2-comment\\n\\","<h4><a download href=\"assets.app.js\">download standalone app</a></h4>\\n\\","<button class=\"onclick onreset\" id=\"testRunButton1\">run internal test</button><br>\\n\\","<div id=\"testReportDiv1\" style=\"display: none;\"></div>\\n\\","utility2-comment -->\\n\\","\\n\\","\\n\\","\\n\\","<label>stderr and stdout</label>\\n\\","<textarea class=\"resettable\" id=\"outputTextareaStdout1\" readonly></textarea>\\n\\","<!-- utility2-comment\\n\\","{{#if isRollup}}\\n\\","<script src=\"assets.app.js\"></script>\\n\\","{{#unless isRollup}}\\n\\","utility2-comment -->\\n\\","<script src=\"assets.utility2.rollup.js\"></script>\\n\\","<script src=\"jsonp.utility2._stateInit?callback=window.utility2._stateInit\"></script>\\n\\","<script src=\"assets.npmtest_cordova_app_loader.rollup.js\"></script>\\n\\","<script src=\"assets.example.js\"></script>\\n\\","<script src=\"assets.test.js\"></script>\\n\\","<!-- utility2-comment\\n\\","{{/if isRollup}}\\n\\","utility2-comment -->\\n\\","<div class=\"utility2FooterDiv\">\\n\\","    [ this app was created with\\n\\","    <a href=\"https://github.com/kaizhu256/node-utility2\" target=\"_blank\">utility2</a>\\n\\","    ]\\n\\","</div>\\n\\","</body>\\n\\","</html>\\n\\","';","        /* jslint-ignore-end */","        if (local.templateRender) {","            local.assetsDict['/'] = local.templateRender(","                local.assetsDict['/assets.index.template.html'],","                {","                    env: local.objectSetDefault(local.env, {","                        npm_package_description: 'the greatest app in the world!',","                        npm_package_name: 'my-app',","                        npm_package_nameAlias: 'my_app',","                        npm_package_version: '0.0.1'","                    })","                }","            );","        } else {","            local.assetsDict['/'] = local.assetsDict['/assets.index.template.html']","                .replace((/\\{\\{env\\.(\\w+?)\\}\\}/g), function (match0, match1) {","                    // jslint-hack","                    String(match0);","                    switch (match1) {","                    case 'npm_package_description':","                        return 'the greatest app in the world!';","                    case 'npm_package_name':","                        return 'my-app';","                    case 'npm_package_nameAlias':","                        return 'my_app';","                    case 'npm_package_version':","                        return '0.0.1';","                    }","                });","        }","        // run the cli","        if (local.global.utility2_rollup || module !== require.main) {","            break;","        }","        local.assetsDict['/assets.example.js'] =","            local.assetsDict['/assets.example.js'] ||","            local.fs.readFileSync(__filename, 'utf8');","        local.assetsDict['/assets.npmtest_cordova_app_loader.rollup.js'] =","            local.assetsDict['/assets.npmtest_cordova_app_loader.rollup.js'] ||","            local.fs.readFileSync(","                // buildCustomOrg-hack","                local.npmtest_cordova_app_loader.__dirname +","                    '/lib.npmtest_cordova_app_loader.js',","                'utf8'","            ).replace((/^#!/), '//');","        local.assetsDict['/favicon.ico'] = local.assetsDict['/favicon.ico'] || '';","        // if $npm_config_timeout_exit exists,","        // then exit this process after $npm_config_timeout_exit ms","        if (Number(process.env.npm_config_timeout_exit)) {","            setTimeout(process.exit, Number(process.env.npm_config_timeout_exit));","        }","        // start server","        if (local.global.utility2_serverHttp1) {","            break;","        }","        process.env.PORT = process.env.PORT || '8081';","        console.error('server starting on port ' + process.env.PORT);","        local.http.createServer(function (request, response) {","            request.urlParsed = local.url.parse(request.url);","            if (local.assetsDict[request.urlParsed.pathname] !== undefined) {","                response.end(local.assetsDict[request.urlParsed.pathname]);","                return;","            }","            response.statusCode = 404;","            response.end();","        }).listen(process.env.PORT);","        break;","    }","}());",""],"l":{"26":2,"28":2,"33":2,"35":2,"37":2,"38":2,"39":2,"44":1,"51":2,"55":2,"59":2,"61":2,"69":1,"70":2,"76":2,"79":2,"82":2,"83":2,"85":1,"89":2,"92":1,"93":1,"94":1,"96":1,"97":1,"100":1,"101":1,"103":1,"106":1,"108":2,"114":1,"116":1,"118":1,"123":1,"124":2,"125":2,"126":2,"127":2,"128":2,"129":2,"130":1,"133":2,"134":2,"139":2,"143":1,"144":3,"145":1,"149":1,"150":1,"158":1,"160":1,"161":1,"162":1,"164":1,"166":1,"258":1,"259":1,"271":1,"274":6,"275":6,"277":1,"279":2,"281":1,"283":2,"288":1,"289":1,"291":1,"294":1,"302":1,"305":1,"306":1,"309":1,"310":1,"312":1,"313":1,"314":1,"315":1,"316":1,"317":1,"318":1,"320":1,"321":1,"323":1}},"/home/travis/build/npmtest/node-npmtest-cordova-app-loader/node_modules/cordova-app-loader/index.js":{"path":"/home/travis/build/npmtest/node-npmtest-cordova-app-loader/node_modules/cordova-app-loader/index.js","s":{"1":3,"2":3,"3":3,"4":3,"5":0,"6":0,"7":0,"8":0,"9":0,"10":1,"11":0,"12":0,"13":0,"14":0,"15":0,"16":0,"17":0,"18":1,"19":0,"20":0,"21":0,"22":0,"23":0,"24":0,"25":0,"26":0,"27":0,"28":0,"29":0,"30":0,"31":0,"32":0,"33":0,"34":0,"35":0,"36":0,"37":0,"38":0,"39":0,"40":0,"41":0,"42":0,"43":0,"44":0,"45":0,"46":0,"47":0,"48":0,"49":0,"50":0,"51":0,"52":0,"53":0,"54":0,"55":0,"56":0,"57":0,"58":0,"59":0,"60":0,"61":0,"62":0,"63":0,"64":0,"65":0,"66":0,"67":0,"68":0,"69":0,"70":0,"71":0,"72":0,"73":0,"74":0,"75":0,"76":0,"77":0,"78":0,"79":0,"80":0,"81":0,"82":0,"83":0,"84":0,"85":0,"86":0,"87":0,"88":0,"89":0,"90":0,"91":0,"92":0,"93":0,"94":0,"95":0,"96":0,"97":0,"98":0,"99":0,"100":0,"101":0,"102":0,"103":0,"104":0,"105":0,"106":0,"107":0,"108":0,"109":0,"110":0,"111":0,"112":0,"113":0,"114":0,"115":0,"116":0,"117":0,"118":0,"119":0,"120":0,"121":0,"122":0,"123":0,"124":0,"125":0,"126":0,"127":0,"128":0,"129":0,"130":0,"131":0,"132":0,"133":0,"134":0,"135":0,"136":0,"137":0,"138":0,"139":0,"140":0,"141":0,"142":0,"143":0,"144":0,"145":0,"146":0,"147":0,"148":0,"149":0,"150":0,"151":0,"152":0,"153":0,"154":0,"155":0,"156":0,"157":0,"158":0,"159":0,"160":0,"161":0,"162":0,"163":0,"164":0},"b":{"1":[0,0],"2":[0,0],"3":[0,0],"4":[0,0],"5":[0,0],"6":[0,0],"7":[0,0],"8":[0,0],"9":[0,0],"10":[0,0],"11":[0,0],"12":[0,0],"13":[0,0],"14":[0,0],"15":[0,0],"16":[0,0],"17":[0,0],"18":[0,0],"19":[0,0],"20":[0,0],"21":[0,0],"22":[0,0],"23":[0,0],"24":[0,0],"25":[0,0],"26":[0,0],"27":[0,0,0],"28":[0,0],"29":[0,0],"30":[0,0,0],"31":[0,0],"32":[0,0],"33":[0,0],"34":[0,0],"35":[0,0],"36":[0,0],"37":[0,0],"38":[0,0],"39":[0,0]},"f":{"1":0,"2":0,"3":0,"4":0,"5":0,"6":0,"7":0,"8":0,"9":0,"10":0,"11":0,"12":0,"13":0,"14":0,"15":0,"16":0,"17":0,"18":0,"19":0,"20":0,"21":0,"22":0,"23":0,"24":0,"25":0,"26":0,"27":0,"28":0,"29":0,"30":0,"31":0,"32":0,"33":0,"34":0},"fnMap":{"1":{"name":"hash","line":13,"loc":{"start":{"line":13,"column":0},"end":{"line":13,"column":20}}},"2":{"name":"(anonymous_2)","line":17,"loc":{"start":{"line":17,"column":15},"end":{"line":17,"column":28}}},"3":{"name":"AppLoader","line":24,"loc":{"start":{"line":24,"column":0},"end":{"line":24,"column":27}}},"4":{"name":"(anonymous_4)","line":57,"loc":{"start":{"line":57,"column":37},"end":{"line":57,"column":52}}},"5":{"name":"(anonymous_5)","line":60,"loc":{"start":{"line":60,"column":29},"end":{"line":60,"column":42}}},"6":{"name":"(anonymous_6)","line":67,"loc":{"start":{"line":67,"column":37},"end":{"line":67,"column":51}}},"7":{"name":"(anonymous_7)","line":72,"loc":{"start":{"line":72,"column":41},"end":{"line":72,"column":51}}},"8":{"name":"(anonymous_8)","line":77,"loc":{"start":{"line":77,"column":21},"end":{"line":77,"column":45}}},"9":{"name":"(anonymous_9)","line":81,"loc":{"start":{"line":81,"column":39},"end":{"line":81,"column":64}}},"10":{"name":"(anonymous_10)","line":85,"loc":{"start":{"line":85,"column":17},"end":{"line":85,"column":27}}},"11":{"name":"(anonymous_11)","line":91,"loc":{"start":{"line":91,"column":28},"end":{"line":91,"column":49}}},"12":{"name":"(anonymous_12)","line":98,"loc":{"start":{"line":98,"column":35},"end":{"line":98,"column":59}}},"13":{"name":"(anonymous_13)","line":103,"loc":{"start":{"line":103,"column":17},"end":{"line":103,"column":27}}},"14":{"name":"(anonymous_14)","line":107,"loc":{"start":{"line":107,"column":21},"end":{"line":107,"column":45}}},"15":{"name":"(anonymous_15)","line":109,"loc":{"start":{"line":109,"column":12},"end":{"line":109,"column":28}}},"16":{"name":"(anonymous_16)","line":154,"loc":{"start":{"line":154,"column":18},"end":{"line":154,"column":32}}},"17":{"name":"(anonymous_17)","line":163,"loc":{"start":{"line":163,"column":19},"end":{"line":163,"column":33}}},"18":{"name":"(anonymous_18)","line":178,"loc":{"start":{"line":178,"column":15},"end":{"line":178,"column":29}}},"19":{"name":"(anonymous_19)","line":181,"loc":{"start":{"line":181,"column":18},"end":{"line":181,"column":32}}},"20":{"name":"(anonymous_20)","line":202,"loc":{"start":{"line":202,"column":9},"end":{"line":202,"column":22}}},"21":{"name":"(anonymous_21)","line":208,"loc":{"start":{"line":208,"column":34},"end":{"line":208,"column":44}}},"22":{"name":"(anonymous_22)","line":212,"loc":{"start":{"line":212,"column":32},"end":{"line":212,"column":42}}},"23":{"name":"(anonymous_23)","line":216,"loc":{"start":{"line":216,"column":31},"end":{"line":216,"column":77}}},"24":{"name":"(anonymous_24)","line":219,"loc":{"start":{"line":219,"column":23},"end":{"line":219,"column":40}}},"25":{"name":"(anonymous_25)","line":227,"loc":{"start":{"line":227,"column":10},"end":{"line":227,"column":20}}},"26":{"name":"(anonymous_26)","line":228,"loc":{"start":{"line":228,"column":46},"end":{"line":228,"column":60}}},"27":{"name":"(anonymous_27)","line":232,"loc":{"start":{"line":232,"column":10},"end":{"line":232,"column":20}}},"28":{"name":"(anonymous_28)","line":238,"loc":{"start":{"line":238,"column":12},"end":{"line":238,"column":22}}},"29":{"name":"(anonymous_29)","line":243,"loc":{"start":{"line":243,"column":6},"end":{"line":243,"column":21}}},"30":{"name":"(anonymous_30)","line":252,"loc":{"start":{"line":252,"column":29},"end":{"line":252,"column":45}}},"31":{"name":"(anonymous_31)","line":262,"loc":{"start":{"line":262,"column":28},"end":{"line":262,"column":38}}},"32":{"name":"(anonymous_32)","line":268,"loc":{"start":{"line":268,"column":28},"end":{"line":268,"column":38}}},"33":{"name":"(anonymous_33)","line":269,"loc":{"start":{"line":269,"column":27},"end":{"line":269,"column":37}}},"34":{"name":"(anonymous_34)","line":271,"loc":{"start":{"line":271,"column":4},"end":{"line":271,"column":14}}}},"statementMap":{"1":{"start":{"line":1,"column":0},"end":{"line":1,"column":53}},"2":{"start":{"line":2,"column":0},"end":{"line":2,"column":53}},"3":{"start":{"line":3,"column":0},"end":{"line":3,"column":19}},"4":{"start":{"line":5,"column":0},"end":{"line":5,"column":58}},"5":{"start":{"line":6,"column":0},"end":{"line":6,"column":67}},"6":{"start":{"line":7,"column":0},"end":{"line":11,"column":1}},"7":{"start":{"line":8,"column":2},"end":{"line":8,"column":77}},"8":{"start":{"line":9,"column":2},"end":{"line":9,"column":69}},"9":{"start":{"line":10,"column":2},"end":{"line":10,"column":59}},"10":{"start":{"line":13,"column":0},"end":{"line":22,"column":1}},"11":{"start":{"line":14,"column":2},"end":{"line":14,"column":32}},"12":{"start":{"line":15,"column":2},"end":{"line":15,"column":14}},"13":{"start":{"line":16,"column":2},"end":{"line":16,"column":15}},"14":{"start":{"line":17,"column":2},"end":{"line":20,"column":5}},"15":{"start":{"line":18,"column":4},"end":{"line":18,"column":41}},"16":{"start":{"line":19,"column":6},"end":{"line":19,"column":38}},"17":{"start":{"line":21,"column":2},"end":{"line":21,"column":41}},"18":{"start":{"line":24,"column":0},"end":{"line":55,"column":1}},"19":{"start":{"line":25,"column":2},"end":{"line":25,"column":67}},"20":{"start":{"line":25,"column":15},"end":{"line":25,"column":67}},"21":{"start":{"line":26,"column":2},"end":{"line":26,"column":94}},"22":{"start":{"line":26,"column":18},"end":{"line":26,"column":94}},"23":{"start":{"line":27,"column":2},"end":{"line":27,"column":90}},"24":{"start":{"line":27,"column":26},"end":{"line":27,"column":90}},"25":{"start":{"line":28,"column":2},"end":{"line":28,"column":103}},"26":{"start":{"line":28,"column":42},"end":{"line":28,"column":103}},"27":{"start":{"line":29,"column":2},"end":{"line":29,"column":82}},"28":{"start":{"line":30,"column":2},"end":{"line":30,"column":31}},"29":{"start":{"line":33,"column":2},"end":{"line":33,"column":34}},"30":{"start":{"line":34,"column":2},"end":{"line":34,"column":26}},"31":{"start":{"line":35,"column":2},"end":{"line":35,"column":30}},"32":{"start":{"line":36,"column":2},"end":{"line":36,"column":70}},"33":{"start":{"line":37,"column":2},"end":{"line":37,"column":68}},"34":{"start":{"line":40,"column":2},"end":{"line":40,"column":48}},"35":{"start":{"line":41,"column":2},"end":{"line":41,"column":112}},"36":{"start":{"line":41,"column":86},"end":{"line":41,"column":112}},"37":{"start":{"line":42,"column":2},"end":{"line":42,"column":106}},"38":{"start":{"line":45,"column":2},"end":{"line":45,"column":43}},"39":{"start":{"line":45,"column":19},"end":{"line":45,"column":43}},"40":{"start":{"line":46,"column":2},"end":{"line":46,"column":45}},"41":{"start":{"line":49,"column":2},"end":{"line":49,"column":34}},"42":{"start":{"line":50,"column":2},"end":{"line":50,"column":24}},"43":{"start":{"line":51,"column":2},"end":{"line":51,"column":25}},"44":{"start":{"line":52,"column":2},"end":{"line":52,"column":28}},"45":{"start":{"line":53,"column":2},"end":{"line":53,"column":28}},"46":{"start":{"line":54,"column":2},"end":{"line":54,"column":53}},"47":{"start":{"line":57,"column":0},"end":{"line":65,"column":2}},"48":{"start":{"line":58,"column":2},"end":{"line":58,"column":18}},"49":{"start":{"line":59,"column":2},"end":{"line":59,"column":43}},"50":{"start":{"line":60,"column":2},"end":{"line":63,"column":5}},"51":{"start":{"line":61,"column":4},"end":{"line":61,"column":57}},"52":{"start":{"line":62,"column":4},"end":{"line":62,"column":45}},"53":{"start":{"line":64,"column":2},"end":{"line":64,"column":16}},"54":{"start":{"line":67,"column":0},"end":{"line":70,"column":2}},"55":{"start":{"line":68,"column":2},"end":{"line":68,"column":31}},"56":{"start":{"line":69,"column":2},"end":{"line":69,"column":66}},"57":{"start":{"line":72,"column":0},"end":{"line":88,"column":2}},"58":{"start":{"line":73,"column":2},"end":{"line":73,"column":18}},"59":{"start":{"line":74,"column":2},"end":{"line":74,"column":67}},"60":{"start":{"line":75,"column":2},"end":{"line":75,"column":112}},"61":{"start":{"line":77,"column":2},"end":{"line":87,"column":5}},"62":{"start":{"line":78,"column":4},"end":{"line":86,"column":5}},"63":{"start":{"line":79,"column":6},"end":{"line":79,"column":36}},"64":{"start":{"line":81,"column":6},"end":{"line":84,"column":16}},"65":{"start":{"line":82,"column":8},"end":{"line":82,"column":47}},"66":{"start":{"line":83,"column":8},"end":{"line":83,"column":33}},"67":{"start":{"line":85,"column":6},"end":{"line":85,"column":96}},"68":{"start":{"line":85,"column":28},"end":{"line":85,"column":74}},"69":{"start":{"line":91,"column":0},"end":{"line":206,"column":2}},"70":{"start":{"line":92,"column":2},"end":{"line":92,"column":44}},"71":{"start":{"line":93,"column":2},"end":{"line":96,"column":3}},"72":{"start":{"line":94,"column":4},"end":{"line":94,"column":38}},"73":{"start":{"line":95,"column":4},"end":{"line":95,"column":28}},"74":{"start":{"line":98,"column":2},"end":{"line":105,"column":5}},"75":{"start":{"line":99,"column":4},"end":{"line":104,"column":5}},"76":{"start":{"line":100,"column":6},"end":{"line":100,"column":27}},"77":{"start":{"line":102,"column":6},"end":{"line":102,"column":56}},"78":{"start":{"line":103,"column":6},"end":{"line":103,"column":92}},"79":{"start":{"line":103,"column":28},"end":{"line":103,"column":70}},"80":{"start":{"line":107,"column":2},"end":{"line":205,"column":5}},"81":{"start":{"line":108,"column":4},"end":{"line":204,"column":9}},"82":{"start":{"line":110,"column":8},"end":{"line":110,"column":36}},"83":{"start":{"line":111,"column":8},"end":{"line":111,"column":40}},"84":{"start":{"line":112,"column":8},"end":{"line":112,"column":47}},"85":{"start":{"line":118,"column":8},"end":{"line":132,"column":9}},"86":{"start":{"line":122,"column":10},"end":{"line":122,"column":50}},"87":{"start":{"line":123,"column":10},"end":{"line":128,"column":11}},"88":{"start":{"line":125,"column":12},"end":{"line":125,"column":109}},"89":{"start":{"line":126,"column":12},"end":{"line":126,"column":43}},"90":{"start":{"line":127,"column":12},"end":{"line":127,"column":26}},"91":{"start":{"line":130,"column":10},"end":{"line":130,"column":25}},"92":{"start":{"line":131,"column":10},"end":{"line":131,"column":17}},"93":{"start":{"line":135,"column":8},"end":{"line":138,"column":9}},"94":{"start":{"line":136,"column":10},"end":{"line":136,"column":77}},"95":{"start":{"line":137,"column":10},"end":{"line":137,"column":17}},"96":{"start":{"line":141,"column":8},"end":{"line":141,"column":36}},"97":{"start":{"line":142,"column":8},"end":{"line":142,"column":59}},"98":{"start":{"line":143,"column":8},"end":{"line":143,"column":62}},"99":{"start":{"line":144,"column":8},"end":{"line":144,"column":70}},"100":{"start":{"line":147,"column":8},"end":{"line":147,"column":34}},"101":{"start":{"line":148,"column":8},"end":{"line":148,"column":30}},"102":{"start":{"line":149,"column":8},"end":{"line":149,"column":30}},"103":{"start":{"line":150,"column":8},"end":{"line":150,"column":49}},"104":{"start":{"line":151,"column":8},"end":{"line":151,"column":24}},"105":{"start":{"line":152,"column":8},"end":{"line":174,"column":13}},"106":{"start":{"line":156,"column":12},"end":{"line":158,"column":69}},"107":{"start":{"line":160,"column":20},"end":{"line":160,"column":47}},"108":{"start":{"line":165,"column":12},"end":{"line":170,"column":13}},"109":{"start":{"line":166,"column":14},"end":{"line":166,"column":42}},"110":{"start":{"line":169,"column":14},"end":{"line":169,"column":46}},"111":{"start":{"line":171,"column":12},"end":{"line":173,"column":13}},"112":{"start":{"line":172,"column":14},"end":{"line":172,"column":24}},"113":{"start":{"line":177,"column":8},"end":{"line":188,"column":13}},"114":{"start":{"line":179,"column":12},"end":{"line":179,"column":60}},"115":{"start":{"line":183,"column":12},"end":{"line":187,"column":55}},"116":{"start":{"line":191,"column":8},"end":{"line":191,"column":44}},"117":{"start":{"line":194,"column":8},"end":{"line":201,"column":9}},"118":{"start":{"line":196,"column":10},"end":{"line":196,"column":41}},"119":{"start":{"line":197,"column":10},"end":{"line":197,"column":54}},"120":{"start":{"line":198,"column":10},"end":{"line":198,"column":24}},"121":{"start":{"line":200,"column":10},"end":{"line":200,"column":25}},"122":{"start":{"line":203,"column":8},"end":{"line":203,"column":20}},"123":{"start":{"line":208,"column":0},"end":{"line":210,"column":2}},"124":{"start":{"line":209,"column":2},"end":{"line":209,"column":50}},"125":{"start":{"line":212,"column":0},"end":{"line":214,"column":2}},"126":{"start":{"line":213,"column":2},"end":{"line":213,"column":27}},"127":{"start":{"line":216,"column":0},"end":{"line":250,"column":2}},"128":{"start":{"line":217,"column":2},"end":{"line":217,"column":18}},"129":{"start":{"line":218,"column":2},"end":{"line":220,"column":3}},"130":{"start":{"line":219,"column":4},"end":{"line":219,"column":60}},"131":{"start":{"line":219,"column":42},"end":{"line":219,"column":56}},"132":{"start":{"line":222,"column":2},"end":{"line":222,"column":38}},"133":{"start":{"line":224,"column":2},"end":{"line":224,"column":73}},"134":{"start":{"line":225,"column":2},"end":{"line":225,"column":44}},"135":{"start":{"line":226,"column":2},"end":{"line":249,"column":7}},"136":{"start":{"line":228,"column":6},"end":{"line":230,"column":10}},"137":{"start":{"line":229,"column":8},"end":{"line":229,"column":87}},"138":{"start":{"line":233,"column":6},"end":{"line":235,"column":7}},"139":{"start":{"line":234,"column":8},"end":{"line":234,"column":60}},"140":{"start":{"line":236,"column":6},"end":{"line":236,"column":43}},"141":{"start":{"line":237,"column":6},"end":{"line":237,"column":71}},"142":{"start":{"line":239,"column":6},"end":{"line":239,"column":29}},"143":{"start":{"line":240,"column":6},"end":{"line":240,"column":32}},"144":{"start":{"line":241,"column":6},"end":{"line":241,"column":31}},"145":{"start":{"line":242,"column":6},"end":{"line":242,"column":30}},"146":{"start":{"line":245,"column":6},"end":{"line":247,"column":7}},"147":{"start":{"line":246,"column":8},"end":{"line":246,"column":33}},"148":{"start":{"line":248,"column":6},"end":{"line":248,"column":19}},"149":{"start":{"line":252,"column":0},"end":{"line":260,"column":2}},"150":{"start":{"line":253,"column":2},"end":{"line":258,"column":3}},"151":{"start":{"line":255,"column":4},"end":{"line":255,"column":70}},"152":{"start":{"line":256,"column":4},"end":{"line":256,"column":43}},"153":{"start":{"line":256,"column":25},"end":{"line":256,"column":43}},"154":{"start":{"line":257,"column":4},"end":{"line":257,"column":16}},"155":{"start":{"line":259,"column":2},"end":{"line":259,"column":15}},"156":{"start":{"line":262,"column":0},"end":{"line":266,"column":2}},"157":{"start":{"line":263,"column":2},"end":{"line":263,"column":47}},"158":{"start":{"line":264,"column":2},"end":{"line":264,"column":38}},"159":{"start":{"line":265,"column":2},"end":{"line":265,"column":28}},"160":{"start":{"line":268,"column":0},"end":{"line":274,"column":2}},"161":{"start":{"line":269,"column":2},"end":{"line":273,"column":5}},"162":{"start":{"line":270,"column":4},"end":{"line":270,"column":22}},"163":{"start":{"line":272,"column":4},"end":{"line":272,"column":22}},"164":{"start":{"line":276,"column":0},"end":{"line":276,"column":27}}},"branchMap":{"1":{"line":7,"type":"if","locations":[{"start":{"line":7,"column":0},"end":{"line":7,"column":0}},{"start":{"line":7,"column":0},"end":{"line":7,"column":0}}]},"2":{"line":18,"type":"if","locations":[{"start":{"line":18,"column":4},"end":{"line":18,"column":4}},{"start":{"line":18,"column":4},"end":{"line":18,"column":4}}]},"3":{"line":18,"type":"binary-expr","locations":[{"start":{"line":18,"column":7},"end":{"line":18,"column":17}},{"start":{"line":18,"column":21},"end":{"line":18,"column":39}}]},"4":{"line":25,"type":"if","locations":[{"start":{"line":25,"column":2},"end":{"line":25,"column":2}},{"start":{"line":25,"column":2},"end":{"line":25,"column":2}}]},"5":{"line":26,"type":"if","locations":[{"start":{"line":26,"column":2},"end":{"line":26,"column":2}},{"start":{"line":26,"column":2},"end":{"line":26,"column":2}}]},"6":{"line":27,"type":"if","locations":[{"start":{"line":27,"column":2},"end":{"line":27,"column":2}},{"start":{"line":27,"column":2},"end":{"line":27,"column":2}}]},"7":{"line":28,"type":"if","locations":[{"start":{"line":28,"column":2},"end":{"line":28,"column":2}},{"start":{"line":28,"column":2},"end":{"line":28,"column":2}}]},"8":{"line":28,"type":"binary-expr","locations":[{"start":{"line":28,"column":5},"end":{"line":28,"column":20}},{"start":{"line":28,"column":24},"end":{"line":28,"column":40}}]},"9":{"line":40,"type":"binary-expr","locations":[{"start":{"line":40,"column":23},"end":{"line":40,"column":41}},{"start":{"line":40,"column":45},"end":{"line":40,"column":47}}]},"10":{"line":41,"type":"if","locations":[{"start":{"line":41,"column":2},"end":{"line":41,"column":2}},{"start":{"line":41,"column":2},"end":{"line":41,"column":2}}]},"11":{"line":41,"type":"binary-expr","locations":[{"start":{"line":41,"column":5},"end":{"line":41,"column":25}},{"start":{"line":41,"column":29},"end":{"line":41,"column":84}}]},"12":{"line":42,"type":"binary-expr","locations":[{"start":{"line":42,"column":24},"end":{"line":42,"column":43}},{"start":{"line":42,"column":47},"end":{"line":42,"column":105}}]},"13":{"line":42,"type":"binary-expr","locations":[{"start":{"line":42,"column":69},"end":{"line":42,"column":85}},{"start":{"line":42,"column":89},"end":{"line":42,"column":104}}]},"14":{"line":45,"type":"if","locations":[{"start":{"line":45,"column":2},"end":{"line":45,"column":2}},{"start":{"line":45,"column":2},"end":{"line":45,"column":2}}]},"15":{"line":54,"type":"binary-expr","locations":[{"start":{"line":54,"column":23},"end":{"line":54,"column":43}},{"start":{"line":54,"column":47},"end":{"line":54,"column":52}}]},"16":{"line":75,"type":"binary-expr","locations":[{"start":{"line":75,"column":28},"end":{"line":75,"column":91}},{"start":{"line":75,"column":96},"end":{"line":75,"column":111}}]},"17":{"line":75,"type":"cond-expr","locations":[{"start":{"line":75,"column":45},"end":{"line":75,"column":85}},{"start":{"line":75,"column":87},"end":{"line":75,"column":91}}]},"18":{"line":78,"type":"if","locations":[{"start":{"line":78,"column":4},"end":{"line":78,"column":4}},{"start":{"line":78,"column":4},"end":{"line":78,"column":4}}]},"19":{"line":93,"type":"if","locations":[{"start":{"line":93,"column":2},"end":{"line":93,"column":2}},{"start":{"line":93,"column":2},"end":{"line":93,"column":2}}]},"20":{"line":99,"type":"if","locations":[{"start":{"line":99,"column":4},"end":{"line":99,"column":4}},{"start":{"line":99,"column":4},"end":{"line":99,"column":4}}]},"21":{"line":118,"type":"if","locations":[{"start":{"line":118,"column":8},"end":{"line":118,"column":8}},{"start":{"line":118,"column":8},"end":{"line":118,"column":8}}]},"22":{"line":118,"type":"binary-expr","locations":[{"start":{"line":118,"column":11},"end":{"line":118,"column":46}},{"start":{"line":118,"column":50},"end":{"line":118,"column":84}}]},"23":{"line":123,"type":"if","locations":[{"start":{"line":123,"column":10},"end":{"line":123,"column":10}},{"start":{"line":123,"column":10},"end":{"line":123,"column":10}}]},"24":{"line":135,"type":"if","locations":[{"start":{"line":135,"column":8},"end":{"line":135,"column":8}},{"start":{"line":135,"column":8},"end":{"line":135,"column":8}}]},"25":{"line":156,"type":"binary-expr","locations":[{"start":{"line":156,"column":19},"end":{"line":156,"column":34}},{"start":{"line":158,"column":20},"end":{"line":158,"column":69}}]},"26":{"line":165,"type":"if","locations":[{"start":{"line":165,"column":12},"end":{"line":165,"column":12}},{"start":{"line":165,"column":12},"end":{"line":165,"column":12}}]},"27":{"line":165,"type":"binary-expr","locations":[{"start":{"line":165,"column":15},"end":{"line":165,"column":24}},{"start":{"line":165,"column":28},"end":{"line":165,"column":46}},{"start":{"line":165,"column":50},"end":{"line":165,"column":103}}]},"28":{"line":171,"type":"if","locations":[{"start":{"line":171,"column":12},"end":{"line":171,"column":12}},{"start":{"line":171,"column":12},"end":{"line":171,"column":12}}]},"29":{"line":171,"type":"binary-expr","locations":[{"start":{"line":171,"column":15},"end":{"line":171,"column":34}},{"start":{"line":171,"column":38},"end":{"line":171,"column":91}}]},"30":{"line":183,"type":"binary-expr","locations":[{"start":{"line":183,"column":19},"end":{"line":183,"column":34}},{"start":{"line":185,"column":19},"end":{"line":185,"column":58}},{"start":{"line":187,"column":19},"end":{"line":187,"column":54}}]},"31":{"line":194,"type":"if","locations":[{"start":{"line":194,"column":8},"end":{"line":194,"column":8}},{"start":{"line":194,"column":8},"end":{"line":194,"column":8}}]},"32":{"line":209,"type":"binary-expr","locations":[{"start":{"line":209,"column":9},"end":{"line":209,"column":27}},{"start":{"line":209,"column":31},"end":{"line":209,"column":49}}]},"33":{"line":218,"type":"if","locations":[{"start":{"line":218,"column":2},"end":{"line":218,"column":2}},{"start":{"line":218,"column":2},"end":{"line":218,"column":2}}]},"34":{"line":233,"type":"if","locations":[{"start":{"line":233,"column":6},"end":{"line":233,"column":6}},{"start":{"line":233,"column":6},"end":{"line":233,"column":6}}]},"35":{"line":233,"type":"binary-expr","locations":[{"start":{"line":233,"column":9},"end":{"line":233,"column":41}},{"start":{"line":233,"column":45},"end":{"line":233,"column":72}}]},"36":{"line":245,"type":"if","locations":[{"start":{"line":245,"column":6},"end":{"line":245,"column":6}},{"start":{"line":245,"column":6},"end":{"line":245,"column":6}}]},"37":{"line":245,"type":"binary-expr","locations":[{"start":{"line":245,"column":9},"end":{"line":245,"column":16}},{"start":{"line":245,"column":20},"end":{"line":245,"column":32}}]},"38":{"line":253,"type":"if","locations":[{"start":{"line":253,"column":2},"end":{"line":253,"column":2}},{"start":{"line":253,"column":2},"end":{"line":253,"column":2}}]},"39":{"line":256,"type":"if","locations":[{"start":{"line":256,"column":4},"end":{"line":256,"column":4}},{"start":{"line":256,"column":4},"end":{"line":256,"column":4}}]}},"code":["var CordovaFileCache = require('cordova-file-cache');","var CordovaPromiseFS = require('cordova-promise-fs');","var Promise = null;","","var BUNDLE_ROOT = location.href.replace(location.hash,'');","BUNDLE_ROOT = BUNDLE_ROOT.substr(0,BUNDLE_ROOT.lastIndexOf('/')+1);","if(/ip(hone|ad|od)/i.test(navigator.userAgent)){","  BUNDLE_ROOT = location.pathname.substr(location.pathname.indexOf('/www/'));","  BUNDLE_ROOT = BUNDLE_ROOT.substr(0,BUNDLE_ROOT.lastIndexOf('/')+1);","  BUNDLE_ROOT = 'cdvfile://localhost/bundle' + BUNDLE_ROOT;","}","","function hash(files){","  var keys = Object.keys(files);","  keys.sort();","  var str = '';","  keys.forEach(function(key){","    if(files[key] && files[key].version);","      str += '@' + files[key].version;","  });","  return CordovaFileCache.hash(str) + '';","}","","function AppLoader(options){","  if(!options) throw new Error('CordovaAppLoader has no options!');","  if(!options.fs) throw new Error('CordovaAppLoader has no \"fs\" option (cordova-promise-fs)');","  if(!options.serverRoot) throw new Error('CordovaAppLoader has no \"serverRoot\" option.');","  if(!window.pegasus || !window.Manifest) throw new Error('CordovaAppLoader bootstrap.js is missing.');","  this.allowServerRootFromManifest = options.allowServerRootFromManifest === true;","  Promise = options.fs.Promise;","","  // initialize variables","  this.manifest = window.Manifest;","  this.newManifest = null;","  this.bundledManifest = null;","  this.preventAutoUpdateLoop = options.preventAutoUpdateLoop === true;","  this._lastUpdateFiles = localStorage.getItem('last_update_files');","","  // normalize serverRoot and set remote manifest url","  options.serverRoot = options.serverRoot || '';","  if(!!options.serverRoot && options.serverRoot[options.serverRoot.length-1] !== '/') options.serverRoot += '/';","  this.newManifestUrl = options.manifestUrl || options.serverRoot + (options.manifest || 'manifest.json');","","  // initialize a file cache","  if(options.mode) options.mode = 'mirror';","  this.cache = new CordovaFileCache(options);","","  // private stuff","  this.corruptNewManifest = false;","  this._toBeCopied = [];","  this._toBeDeleted = [];","  this._toBeDownloaded = [];","  this._updateReady = false;","  this._checkTimeout = options.checkTimeout || 10000;","}","","AppLoader.prototype._createFilemap = function(files){","  var result = {};","  var normalize = this.cache._fs.normalize;","  Object.keys(files).forEach(function(key){","    files[key].filename = normalize(files[key].filename);","    result[files[key].filename] = files[key];","  });","  return result;","};","","AppLoader.prototype.copyFromBundle = function(file){","  var url = BUNDLE_ROOT + file;","  return this.cache._fs.download(url,this.cache.localRoot + file);","};","","AppLoader.prototype.getBundledManifest = function(){","  var self = this;","  var bootstrapScript = document.querySelector('script[manifest]');","  var bundledManifestUrl = (bootstrapScript? bootstrapScript.getAttribute('manifest'): null) || 'manifest.json';","","  return new Promise(function(resolve,reject){","    if(self.bundledManifest) {","      resolve(self.bundledManifest);","    } else {","      pegasus(bundledManifestUrl).then(function(bundledManifest){","        self.bundledManifest = bundledManifest;","        resolve(bundledManifest);","      },reject);","      setTimeout(function(){reject(new Error('bundled manifest timeout'));},self._checkTimeout);","    }","  });","};","","","AppLoader.prototype.check = function(newManifest){","  var self = this, manifest = this.manifest;","  if(typeof newManifest === \"string\") {","    self.newManifestUrl = newManifest;","    newManifest = undefined;","  }","","  var gotNewManifest = new Promise(function(resolve,reject){","    if(typeof newManifest === \"object\") {","      resolve(newManifest);","    } else {","      pegasus(self.newManifestUrl).then(resolve,reject);","      setTimeout(function(){reject(new Error('new manifest timeout'));},self._checkTimeout);","    }","  });","","  return new Promise(function(resolve,reject){","    Promise.all([gotNewManifest,self.getBundledManifest(),self.cache.list()])","      .then(function(values){","        var newManifest = values[0];","        var bundledManifest = values[1];","        var newFiles = hash(newManifest.files);","","        // Prevent end-less update loop, check if new manifest","        // has been downloaded before (but failes)","        ","        // Check if the newFiles match the previous files (last_update_files)","        if(self.preventAutoUpdateLoop === true && newFiles === self._lastUpdateFiles) {","          // YES! So we're doing the same update again!","","          // Check if our current Manifest has indeed the \"last_update_files\"","          var currentFiles = hash(Manifest.files);","          if(self._lastUpdateFiles !== currentFiles){","            // No! So we've updated, yet they don't appear in our manifest. This means:","            console.warn('New manifest available, but an earlier update attempt failed. Will not download.');","            self.corruptNewManifest = true;","            resolve(null);","          }","          // Yes, we've updated and we've succeeded.","          resolve(false);","          return;","        }","","        // Check if new manifest is valid","        if(!newManifest.files){","          reject(new Error('Downloaded Manifest has no \"files\" attribute.'));","          return;","        }","","        // We're good to go check! Get all the files we need","        var cachedFiles = values[2]; // files in cache","        var oldFiles = self._createFilemap(manifest.files); // files in current manifest","        var newFiles = self._createFilemap(newManifest.files); // files in new manifest","        var bundledFiles = self._createFilemap(bundledManifest.files); // files in app bundle","","        // Create COPY and DOWNLOAD lists","        self._toBeDownloaded = [];","        self._toBeCopied = [];","        self._toBeDeleted= [];","        var isCordova = self.cache._fs.isCordova;","        var changes = 0;","        Object.keys(newFiles)","          // Find files that have changed version or are missing","          .filter(function(file){","                    // if new file, or...","            return !oldFiles[file] ||","                    // version has 
[...]
39":0,"40":0,"41":0,"44":0,"45":0,"46":0,"47":0,"48":0,"51":0,"52":0,"53":0,"56":0,"57":0,"58":0,"61":0,"62":0,"63":0,"66":0,"67":0,"68":0,"71":0,"72":0,"73":0}},"/home/travis/build/npmtest/node-npmtest-cordova-app-loader/node_modules/cordova-app-loader/www/autoupdate.js":{"path":"/home/travis/build/npmtest/node-npmtest-cordova-app-loader/node_modules/cordova-app-loader/www/autoupdate.js","s":{"1":2,"2":2,"3":2,"4":0,"5":0,"6":0,"7":0,"8":0,"9":0,"10":1,"11":0,"12":0,"13":0,"14":0,"15":0,"16":0,"17":0,"18":1,"19":0,"20":0,"21":0},"b":{"1":[0,0],"2":[0,0],"3":[0,0]},"f":{"1":2,"2":0,"3":0,"4":0,"5":0,"6":0,"7":0},"fnMap":{"1":{"name":"(anonymous_1)","line":1,"loc":{"start":{"line":1,"column":1},"end":{"line":1,"column":11}}},"2":{"name":"check","line":35,"loc":{"start":{"line":35,"column":2},"end":{"line":35,"column":18}}},"3":{"name":"(anonymous_3)","line":37,"loc":{"start":{"line":37,"column":10},"end":{"line":37,"column":20}}},"4":{"name":"(anonymous_4)","line":40,"loc":{"start":{"line":40,"column":10},"end":{"line":40,"column":20}}},"5":{"name":"(anonymous_5)","line":42,"loc":{"start":{"line":42,"column":6},"end":{"line":42,"column":19}}},"6":{"name":"(anonymous_6)","line":53,"loc":{"start":{"line":53,"column":22},"end":{"line":53,"column":32}}},"7":{"name":"handleVisibilityChange","line":58,"loc":{"start":{"line":58,"column":2},"end":{"line":58,"column":36}}}},"statementMap":{"1":{"start":{"line":1,"column":0},"end":{"line":64,"column":5}},"2":{"start":{"line":3,"column":2},"end":{"line":11,"column":17}},"3":{"start":{"line":14,"column":2},"end":{"line":14,"column":52}},"4":{"start":{"line":15,"column":2},"end":{"line":15,"column":55}},"5":{"start":{"line":15,"column":13},"end":{"line":15,"column":55}},"6":{"start":{"line":16,"column":2},"end":{"line":18,"column":3}},"7":{"start":{"line":17,"column":4},"end":{"line":17,"column":76}},"8":{"start":{"line":21,"column":2},"end":{"line":24,"column":5}},"9":{"start":{"line":26,"column":2},"end":{"line":32,"column":5}},"10":{"start":{"line":35,"column":2},"end":{"line":45,"column":3}},"11":{"start":{"line":36,"column":4},"end":{"line":44,"column":7}},"12":{"start":{"line":38,"column":6},"end":{"line":38,"column":31}},"13":{"start":{"line":41,"column":6},"end":{"line":41,"column":29}},"14":{"start":{"line":43,"column":6},"end":{"line":43,"column":46}},"15":{"start":{"line":50,"column":2},"end":{"line":50,"column":10}},"16":{"start":{"line":53,"column":2},"end":{"line":55,"column":5}},"17":{"start":{"line":54,"column":4},"end":{"line":54,"column":46}},"18":{"start":{"line":58,"column":2},"end":{"line":62,"column":3}},"19":{"start":{"line":59,"column":4},"end":{"line":61,"column":5}},"20":{"start":{"line":60,"column":6},"end":{"line":60,"column":14}},"21":{"start":{"line":63,"column":2},"end":{"line":63,"column":85}}},"branchMap":{"1":{"line":15,"type":"if","locations":[{"start":{"line":15,"column":2},"end":{"line":15,"column":2}},{"start":{"line":15,"column":2},"end":{"line":15,"column":2}}]},"2":{"line":16,"type":"if","locations":[{"start":{"line":16,"column":2},"end":{"line":16,"column":2}},{"start":{"line":16,"column":2},"end":{"line":16,"column":2}}]},"3":{"line":59,"type":"if","locations":[{"start":{"line":59,"column":4},"end":{"line":59,"column":4}},{"start":{"line":59,"column":4},"end":{"line":59,"column":4}}]}},"code":["(function(){","  // Check for Cordova","  var isCordova = typeof cordova !== 'undefined',","  // CordovaPromiseFS","      fs,","  // CordovaFileLoader","      loader,","  // script-tag...","      script,","  // ...that contains the serverRoot","      serverRoot;","","  // Get serverRoot from script tag.","  script = document.querySelector('script[server]');","  if(script) serverRoot= script.getAttribute('server');","  if(!serverRoot) {","    throw new Error('Add a \"server\" attribute to the bootstrap.js script!');","  }","","  // Initialize filesystem and loader","  fs = new CordovaPromiseFS({","    persistent: isCordova, // Chrome should use temporary storage.","    Promise: Promise","  });","","  loader = new CordovaAppLoader({","    fs: fs,","    localRoot: 'app',","    serverRoot: serverRoot,","    mode: 'mirror',","    cacheBuster: true","  });","","  // Check > Download > Update","  function check(){","    loader.check()","    .then(function(){","      return loader.download();","    })","    .then(function(){","      return loader.update();","    },function(err){","      console.error('Auto-update error:',err);","    });","  }","","  // Couple events:","","  // 1. On launch","  check();","","  // 2. Cordova: On resume","  fs.deviceready.then(function(){","    document.addEventListener('resume',check);","  });","","  // 3. Chrome: On page becomes visible again","  function handleVisibilityChange() {","    if (!document.webkitHidden) {","      check();","    }","  }","  document.addEventListener(\"webkitvisibilitychange\", handleVisibilityChange, false);","})();"],"l":{"1":2,"3":2,"14":2,"15":0,"16":0,"17":0,"21":0,"26":0,"35":1,"36":0,"38":0,"41":0,"43":0,"50":0,"53":0,"54":0,"58":1,"59":0,"60":0,"63":0}},"/home/travis/build/npmtest/node-npmtest-cordova-app-loader/node_modules/cordova-app-loader/www/bootstrap.js":{"path":"/home/travis/build/npmtest/node-npmtest-cordova-app-loader/node_modules/cordova-app-loader/www/bootstrap.js","s":{"1":2,"2":2,"3":0,"4":0,"5":0,"6":0,"7":0,"8":0,"9":0,"10":0,"11":0,"12":0,"13":0,"14":0,"15":0,"16":0,"17":0,"18":0,"19":0,"20":0,"21":0,"22":1,"23":0,"24":0,"25":0,"26":0,"27":0,"28":0,"29":0,"30":0,"31":0,"32":0,"33":1,"34":0,"35":0,"36":0,"37":0,"38":0,"39":0,"40":0,"41":0,"42":0,"43":0,"44":0,"45":0,"46":0,"47":0,"48":0,"49":0,"50":0,"51":0,"52":0,"53":0,"54":0,"55":0,"56":0,"57":0,"58":0,"59":0,"60":0,"61":0,"62":0,"63":0,"64":0,"65":0,"66":0,"67":0},"b":{"1":[0,0],"2":[0,0],"3":[0,0],"4":[0,0],"5":[0,0],"6":[0,0],"7":[0,0],"8":[0,0],"9":[0,0],"10":[0,0],"11":[0,0],"12":[0,0],"13":[0,0],"14":[0,0],"15":[0,0],"16":[0,0],"17":[0,0],"18":[0,0],"19":[0,0],"20":[0,0]},"f":{"1":2,"2":0,"3":0,"4":0,"5":0,"6":0,"7":0,"8":0},"fnMap":{"1":{"name":"(anonymous_1)","line":1,"loc":{"start":{"line":1,"column":1},"end":{"line":1,"column":11}}},"2":{"name":"pegasus","line":7,"loc":{"start":{"line":7,"column":17},"end":{"line":7,"column":42}}},"3":{"name":"(anonymous_3)","line":19,"loc":{"start":{"line":19,"column":38},"end":{"line":19,"column":79}}},"4":{"name":"loadManifest","line":54,"loc":{"start":{"line":54,"column":0},"end":{"line":54,"column":56}}},"5":{"name":"(anonymous_5)","line":58,"loc":{"start":{"line":58,"column":15},"end":{"line":58,"column":25}}},"6":{"name":"loadScripts","line":78,"loc":{"start":{"line":78,"column":2},"end":{"line":78,"column":24}}},"7":{"name":"(anonymous_7)","line":79,"loc":{"start":{"line":79,"column":20},"end":{"line":79,"column":34}}},"8":{"name":"(anonymous_8)","line":132,"loc":{"start":{"line":132,"column":33},"end":{"line":132,"column":46}}}},"statementMap":{"1":{"start":{"line":1,"column":0},"end":{"line":139,"column":5}},"2":{"start":{"line":7,"column":0},"end":{"line":51,"column":2}},"3":{"start":{"line":8,"column":2},"end":{"line":8,"column":29}},"4":{"start":{"line":11,"column":2},"end":{"line":11,"column":21}},"5":{"start":{"line":14,"column":2},"end":{"line":14,"column":9}},"6":{"start":{"line":19,"column":2},"end":{"line":44,"column":4}},"7":{"start":{"line":22,"column":4},"end":{"line":22,"column":49}},"8":{"start":{"line":22,"column":24},"end":{"line":22,"column":49}},"9":{"start":{"line":25,"column":4},"end":{"line":43,"column":5}},"10":{"start":{"line":27,"column":6},"end":{"line":38,"column":7}},"11":{"start":{"line":28,"column":8},"end":{"line":34,"column":9}},"12":{"start":{"line":29,"column":10},"end":{"line":29,"column":48}},"13":{"start":{"line":30,"column":10},"end":{"line":30,"column":20}},"14":{"start":{"line":32,"column":10},"end":{"line":32,"column":52}},"15":{"start":{"line":33,"column":10},"end":{"line":33,"column":20}},"16":{"start":{"line":36,"column":8},"end":{"line":36,"column":19}},"17":{"start":{"line":37,"column":8},"end":{"line":37,"column":18}},"18":{"start":{"line":42,"column":6},"end":{"line":42,"column":25}},"19":{"start":{"line":42,"column":14},"end":{"line":42,"column":25}},"20":{"start":{"line":47,"column":2},"end":{"line":47,"column":13}},"21":{"start":{"line":50,"column":2},"end":{"line":50,"column":13}},"22":{"start":{"line":54,"column":0},"end":{"line":121,"column":1}},"23":{"start":{"line":57,"column":2},"end":{"line":65,"column":3}},"24":{"start":{"line":58,"column":4},"end":{"line":64,"column":15}},"25":{"start":{"line":59,"column":6},"end":{"line":63,"column":7}},"26":{"start":{"line":60,"column":8},"end":{"line":60,"column":86}},"27":{"start":{"line":61,"column":8},"end":{"line":61,"column":44}},"28":{"start":{"line":62,"column":8},"end":{"line":62,"column":26}},"29":{"start":{"line":67,"column":2},"end":{"line":70,"column":3}},"30":{"start":{"line":68,"column":4},"end":{"line":68,"column":85}},"31":{"start":{"line":69,"column":4},"end":{"line":69,"column":11}},"32":{"start":{"line":72,"column":2},"end":{"line":75,"column":23}},"33":{"start":{"line":78,"column":2},"end":{"line":100,"column":3}},"34":{"start":{"line":79,"column":4},"end":{"line":99,"column":7}},"35":{"start":{"line":80,"column":6},"end":{"line":80,"column":22}},"36":{"start":{"line":80,"column":15},"end":{"line":80,"column":22}},"37":{"start":{"line":82,"column":6},"end":{"line":82,"column":45}},"38":{"start":{"line":82,"column":25},"end":{"line":82,"column":45}},"39":{"start":{"line":83,"column":6},"end":{"line":83,"column":33}},"40":{"start":{"line":85,"column":6},"end":{"line":97,"column":7}},"41":{"start":{"line":86,"column":8},"end":{"line":86,"column":45}},"42":{"start":{"line":87,"column":8},"end":{"line":87,"column":27}},"43":{"start":{"line":88,"column":8},"end":{"line":88,"column":35}},"44":{"start":{"line":89,"column":8},"end":{"line":89,"column":32}},"45":{"start":{"line":90,"column":8},"end":{"line":90,"column":25}},"46":{"start":{"line":93,"column":8},"end":{"line":93,"column":43}},"47":{"start":{"line":94,"column":8},"end":{"line":94,"column":30}},"48":{"start":{"line":95,"column":8},"end":{"line":95,"column":34}},"49":{"start":{"line":96,"column":8},"end":{"line":96,"column":29}},"50":{"start":{"line":98,"column":6},"end":{"line":98,"column":27}},"51":{"start":{"line":104,"column":2},"end":{"line":104,"column":40}},"52":{"start":{"line":105,"column":2},"end":{"line":106,"column":25}},"53":{"start":{"line":106,"column":4},"end":{"line":106,"column":25}},"54":{"start":{"line":109,"column":2},"end":{"line":110,"column":62}},"55":{"start":{"line":110,"column":4},"end":{"line":110,"column":62}},"56":{"start":{"line":114,"column":2},"end":{"line":118,"column":3}},"57":{"start":{"line":115,"column":4},"end":{"line":115,"column":65}},"58":{"start":{"line":117,"column":4},"end":{"line":117,"column":18}},"59":{"start":{"line":120,"column":2},"end":{"line":120,"column":29}},"60":{"start":{"line":123,"column":0},"end":{"line":123,"column":21}},"61":{"start":{"line":125,"column":0},"end":{"line":125,"column":60}},"62":{"start":{"line":127,"column":0},"end":{"line":127,"column":51}},"63":{"start":{"line":129,"column":0},"end":{"line":138,"column":1}},"64":{"start":{"line":130,"column":2},"end":{"line":130,"column":69}},"65":{"start":{"line":132,"column":2},"end":{"line":134,"column":5}},"66":{"start":{"line":133,"column":4},"end":{"line":133,"column":61}},"67":{"start":{"line":137,"column":2},"end":{"line":137,"column":65}}},"branchMap":{"1":{"line":22,"type":"if","locations":[{"start":{"line":22,"column":4},"end":{"line":22,"column":4}},{"start":{"line":22,"column":4},"end":{"line":22,"column":4}}]},"2":{"line":25,"type":"if","locations":[{"start":{"line":25,"column":4},"end":{"line":25,"column":4}},{"start":{"line":25,"column":4},"end":{"line":25,"column":4}}]},"3":{"line":28,"type":"if","locations":[{"start":{"line":28,"column":8},"end":{"line":28,"column":8}},{"start":{"line":28,"column":8},"end":{"line":28,"column":8}}]},"4":{"line":28,"type":"binary-expr","locations":[{"start":{"line":28,"column":11},"end":{"line":28,"column":29}},{"start":{"line":28,"column":33},"end":{"line":28,"column":49}}]},"5":{"line":42,"type":"if","locations":[{"start":{"line":42,"column":6},"end":{"line":42,"column":6}},{"start":{"line":42,"column":6},"end":{"line":42,"column":6}}]},"6":{"line":57,"type":"if","locations":[{"start":{"line":57,"column":2},"end":{"line":57,"column":2}},{"start":{"line":57,"column":2},"end":{"line":57,"column":2}}]},"7":{"line":59,"type":"if","locations":[{"start":{"line":59,"column":6},"end":{"line":59,"column":6}},{"start":{"line":59,"column":6},"end":{"line":59,"column":6}}]},"8":{"line":67,"type":"if","locations":[{"start":{"line":67,"column":2},"end":{"line":67,"column":2}},{"start":{"line":67,"column":2},"end":{"line":67,"column":2}}]},"9":{"line":80,"type":"if","locations":[{"start":{"line":80,"column":6},"end":{"line":80,"column":6}},{"start":{"line":80,"column":6},"end":{"line":80,"column":6}}]},"10":{"line":82,"type":"if","locations":[{"start":{"line":82,"column":6},"end":{"line":82,"column":6}},{"start":{"line":82,"column":6},"end":{"line":82,"column":6}}]},"11":{"line":85,"type":"if","locations":[{"start":{"line":85,"column":6},"end":{"line":85,"column":6}},{"start":{"line":85,"column":6},"end":{"line":85,"column":6}}]},"12":{"line":104,"type":"binary-expr","locations":[{"start":{"line":104,"column":18},"end":{"line":104,"column":31}},{"start":{"line":104,"column":35},"end":{"line":104,"column":39}}]},"13":{"line":105,"type":"if","locations":[{"start":{"line":105,"column":2},"end":{"line":105,"column":2}},{"start":{"line":105,"column":2},"end":{"line":105,"column":2}}]},"14":{"line":105,"type":"binary-expr","locations":[{"start":{"line":105,"column":5},"end":{"line":105,"column":29}},{"start":{"line":105,"column":33},"end":{"line":105,"column":78}}]},"15":{"line":109,"type":"if","locations":[{"start":{"line":109,"column":2},"end":{"line":109,"column":2}},{"start":{"line":109,"column":2},"end":{"line":109,"column":2}}]},"16":{"line":114,"type":"if","locations":[{"start":{"line":114,"column":2},"end":{"line":114,"column":2}},{"start":{"line":114,"column":2},"end":{"line":114,"column":2}}]},"17":{"line":129,"type":"if","locations":[{"start":{"line":129,"column":0},"end":{"line":129,"column":0}},{"start":{"line":129,"column":0},"end":{"line":129,"column":0}}]},"18":{"line":130,"type":"binary-expr","locations":[{"start":{"line":130,"column":13},"end":{"line":130,"column":48}},{"start":{"line":130,"column":53},"end":{"line":130,"column":68}}]},"19":{"line":130,"type":"cond-expr","locations":[{"start":{"line":130,"column":16},"end":{"line":130,"column":42}},{"start":{"line":130,"column":44},"end":{"line":130,"column":48}}]},"20":{"line":137,"type":"binary-expr","locations":[{"start":{"line":137,"column":29},"end":{"line":137,"column":54}},{"start":{"line":137,"column":58},"end":{"line":137,"column":63}}]}},"code":["(function(){","// Retrieved and slightly modified from: https://github.com/typicode/pegasus","// --------------------------------------------------------------------------","//","// a   url (naming it a, beacause it will be reused to store callbacks)","// xhr placeholder to avoid using var, not to be used","window.pegasus = function pegasus(a, xhr) {","  xhr = new XMLHttpRequest();","","  // Open url","  xhr.open('GET', a);","","  // Reuse a to store callbacks","  a = [];","","  // onSuccess handler","  // onError   handler","  // cb        placeholder to avoid using var, should not be used","  xhr.onreadystatechange = xhr.then = function(onSuccess, onError, cb, result) {","","    // Test if onSuccess is a function or a load event","    if (onSuccess.call) a = [onSuccess, onError];","","    // Test if request is complete","    if (xhr.readyState == 4) {","","      try {","        if(xhr.status === 200 || xhr.status === 0){","          result = JSON.parse(xhr.responseText);","          cb = a[0];","        } else {","          result = new Error('Status: '+xhr.status);","          cb = a[1];","        }","      } catch(e) {","        result = e;","        cb = a[1];","      }","","      // Safari doesn't support xhr.responseType = 'json'","      // so the response is parsed","      if (cb) cb(result);","    }","  };","","  // Send","  xhr.send();","","  // Return request","  return xhr;","};","//------------------------------------------------------------------","// Step 2: After fetching manifest (localStorage or XHR), load it","function loadManifest(manifest,fromLocalStorage,timeout){","  // Safety timeout. If BOOTSTRAP_OK is not defined,","  // it will delete the 'localStorage' version and revert to factory settings.","  if(fromLocalStorage){","    setTimeout(function(){","      if(!window.BOOTSTRAP_OK){","        console.warn('BOOTSTRAP_OK !== true; Resetting to original manifest.json...');","        localStorage.removeItem('manifest');","        location.reload();","      }","    },timeout);","  }","","  if(!manifest.load) {","    console.error('Manifest has nothing to load (manifest.load is empty).',manifest);","    return;","  }","","  var el,","      head = document.getElementsByTagName('head')[0],","      scripts = manifest.load.concat(),","      now = Date.now();","","  // Load Scripts","  function loadScripts(){","    scripts.forEach(function(src) {","      if(!src) return;","      // Ensure the 'src' has no '/' (it's in the root already)","      if(src[0] === '/') src = src.substr(1);","      src = manifest.root + src ;","      // Load javascript","      if(src.substr(-3) === \".js\"){","        el= document.createElement('script');","        el.charset=\"UTF-8\";","        el.type= 'text/javascript';","        el.src= src + '?' + now;","        el.async = false;","      // Load CSS","      } else {","        el= document.createElement('link');","        el.rel = \"stylesheet\";","        el.href = src + '?' + now;","        el.type = \"text/css\";","      }","      head.appendChild(el);","    });","  }","","  //---------------------------------------------------","  // Step 3: Ensure the 'root' end with a '/'","  manifest.root = manifest.root || './';","  if(manifest.root.length > 0 && manifest.root[manifest.root.length-1] !== '/')","    manifest.root += '/';","","  // Step 4: Save manifest for next time","  if(!fromLocalStorage) ","    localStorage.setItem('manifest',JSON.stringify(manifest));","","  // Step 5: Load Scripts","  // If we're loading Cordova files, make sure Cordova is ready first!","  if(typeof window.cordova !== 'undefined'){","    document.addEventListener(\"deviceready\", loadScripts, false);","  } else {","    loadScripts();","  }","  // Save to global scope","  window.Manifest = manifest;","}","//---------------------------------------------------------------------","window.Manifest = {};","// Step 1: Load manifest from localStorage","var manifest = JSON.parse(localStorage.getItem('manifest'));","// grab manifest.json location from <script manifest=\"...\"></script>","var s = document.querySelector('script[manifest]');","// Not in localStorage? Fetch it!","if(!manifest){","  var url = (s? s.getAttribute('manifest'): null) || 'manifest.json';","  // get manifest.json, then loadManifest.","  pegasus(url).then(loadManifest,function(xhr){","    console.error('Could not download '+url+': '+xhr.status);","  });","// Manifest was in localStorage. Load it immediatly.","} else {","  loadManifest(manifest,true,s.getAttribute('timeout') || 10000);","}","})();"],"l":{"1":2,"7":2,"8":0,"11":0,"14":0,"19":0,"22":0,"25":0,"27":0,"28":0,"29":0,"30":0,"32":0,"33":0,"36":0,"37":0,"42":0,"47":0,"50":0,"54":1,"57":0,"58":0,"59":0,"60":0,"61":0,"62":0,"67":0,"68":0,"69":0,"72":0,"78":1,"79":0,"80":0,"82":0,"83":0,"85":0,"86":0,"87":0,"88":0,"89":0,"90":0,"93":0,"94":0,"95":0,"96":0,"98":0,"104":0,"105":0,"106":0,"109":0,"110":0,"114":0,"115":0,"117":0,"120":0,"123":0,"125":0,"127":0,"129":0,"130":0,"132":0,"133":0,"137":0}}}